<?xml version="1.0" encoding="UTF-8"?>
<testng-results ignored="0" total="43" passed="35" failed="8" skipped="0">
  <reporter-output>
  </reporter-output>
  <suite started-at="2024-09-23T13:22:35 IST" name="WebApplication" finished-at="2024-09-23T13:52:43 IST" duration-ms="1808078">
    <groups>
    </groups>
    <test started-at="2024-09-23T13:22:35 IST" name="Default test" finished-at="2024-09-23T13:52:43 IST" duration-ms="1808078">
      <class name="testcases_assessment_module.TC_05_Chapter_Incomplete_Assessment">
        <test-method is-config="true" signature="startTestCase()[pri:0, instance:testcases_assessment_module.TC_05_Chapter_Incomplete_Assessment@247bddad]" started-at="2024-09-23T13:41:18 IST" name="startTestCase" finished-at="2024-09-23T13:41:18 IST" duration-ms="2" status="PASS">
          <reporter-output>
          </reporter-output>
        </test-method> <!-- startTestCase -->
        <test-method is-config="true" signature="beforeMethod()[pri:0, instance:testcases_assessment_module.TC_05_Chapter_Incomplete_Assessment@247bddad]" started-at="2024-09-23T13:41:18 IST" name="beforeMethod" finished-at="2024-09-23T13:41:18 IST" duration-ms="1" status="PASS">
          <reporter-output>
          </reporter-output>
        </test-method> <!-- beforeMethod -->
        <test-method signature="chapterIncompleteAssessment()[pri:0, instance:testcases_assessment_module.TC_05_Chapter_Incomplete_Assessment@247bddad]" started-at="2024-09-23T13:41:18 IST" name="chapterIncompleteAssessment" finished-at="2024-09-23T13:41:33 IST" duration-ms="15544" status="PASS">
          <reporter-output>
          </reporter-output>
        </test-method> <!-- chapterIncompleteAssessment -->
        <test-method is-config="true" signature="afterMethod()[pri:0, instance:testcases_assessment_module.TC_05_Chapter_Incomplete_Assessment@247bddad]" started-at="2024-09-23T13:41:33 IST" name="afterMethod" finished-at="2024-09-23T13:41:34 IST" duration-ms="305" status="PASS">
          <reporter-output>
          </reporter-output>
        </test-method> <!-- afterMethod -->
      </class> <!-- testcases_assessment_module.TC_05_Chapter_Incomplete_Assessment -->
      <class name="testcases_createAccountModule.TC_05_CreateAccount">
        <test-method is-config="true" signature="startTestCase()[pri:0, instance:testcases_createAccountModule.TC_05_CreateAccount@7bedc48a]" started-at="2024-09-23T13:41:34 IST" name="startTestCase" finished-at="2024-09-23T13:41:34 IST" duration-ms="1" status="PASS">
          <reporter-output>
          </reporter-output>
        </test-method> <!-- startTestCase -->
        <test-method is-config="true" signature="beforeMethod()[pri:0, instance:testcases_createAccountModule.TC_05_CreateAccount@7bedc48a]" started-at="2024-09-23T13:41:34 IST" name="beforeMethod" finished-at="2024-09-23T13:41:34 IST" duration-ms="1" status="PASS">
          <reporter-output>
          </reporter-output>
        </test-method> <!-- beforeMethod -->
        <test-method signature="createAccount()[pri:0, instance:testcases_createAccountModule.TC_05_CreateAccount@7bedc48a]" started-at="2024-09-23T13:41:34 IST" name="createAccount" finished-at="2024-09-23T13:41:39 IST" duration-ms="5184" status="PASS">
          <reporter-output>
          </reporter-output>
        </test-method> <!-- createAccount -->
        <test-method is-config="true" signature="afterMethod()[pri:0, instance:testcases_createAccountModule.TC_05_CreateAccount@7bedc48a]" started-at="2024-09-23T13:41:39 IST" name="afterMethod" finished-at="2024-09-23T13:41:39 IST" duration-ms="262" status="PASS">
          <reporter-output>
          </reporter-output>
        </test-method> <!-- afterMethod -->
      </class> <!-- testcases_createAccountModule.TC_05_CreateAccount -->
      <class name="testcases_profilePageModule.TC_05_ProfilePage">
        <test-method is-config="true" signature="startTestCase()[pri:0, instance:testcases_profilePageModule.TC_05_ProfilePage@c0c2f8d]" started-at="2024-09-23T13:42:22 IST" name="startTestCase" finished-at="2024-09-23T13:42:22 IST" duration-ms="0" status="PASS">
          <reporter-output>
          </reporter-output>
        </test-method> <!-- startTestCase -->
        <test-method is-config="true" signature="beforeMethod()[pri:0, instance:testcases_profilePageModule.TC_05_ProfilePage@c0c2f8d]" started-at="2024-09-23T13:42:22 IST" name="beforeMethod" finished-at="2024-09-23T13:42:22 IST" duration-ms="1" status="PASS">
          <reporter-output>
          </reporter-output>
        </test-method> <!-- beforeMethod -->
        <test-method signature="Profilepage()[pri:0, instance:testcases_profilePageModule.TC_05_ProfilePage@c0c2f8d]" started-at="2024-09-23T13:42:22 IST" name="Profilepage" finished-at="2024-09-23T13:45:55 IST" duration-ms="212546" status="PASS">
          <reporter-output>
          </reporter-output>
        </test-method> <!-- Profilepage -->
        <test-method is-config="true" signature="afterMethod()[pri:0, instance:testcases_profilePageModule.TC_05_ProfilePage@c0c2f8d]" started-at="2024-09-23T13:45:55 IST" name="afterMethod" finished-at="2024-09-23T13:45:55 IST" duration-ms="346" status="PASS">
          <reporter-output>
          </reporter-output>
        </test-method> <!-- afterMethod -->
      </class> <!-- testcases_profilePageModule.TC_05_ProfilePage -->
      <class name="testcases_createAccountModule.TC_07_CreateAccount">
        <test-method is-config="true" signature="startTestCase()[pri:0, instance:testcases_createAccountModule.TC_07_CreateAccount@55b0dcab]" started-at="2024-09-23T13:47:21 IST" name="startTestCase" finished-at="2024-09-23T13:47:21 IST" duration-ms="1" status="PASS">
          <reporter-output>
          </reporter-output>
        </test-method> <!-- startTestCase -->
        <test-method signature="createAccount()[pri:0, instance:testcases_createAccountModule.TC_07_CreateAccount@55b0dcab]" started-at="2024-09-23T13:47:21 IST" name="createAccount" finished-at="2024-09-23T13:47:26 IST" duration-ms="4833" status="PASS">
          <reporter-output>
          </reporter-output>
        </test-method> <!-- createAccount -->
        <test-method is-config="true" signature="beforeMethod()[pri:0, instance:testcases_createAccountModule.TC_07_CreateAccount@55b0dcab]" started-at="2024-09-23T13:47:21 IST" name="beforeMethod" finished-at="2024-09-23T13:47:21 IST" duration-ms="0" status="PASS">
          <reporter-output>
          </reporter-output>
        </test-method> <!-- beforeMethod -->
        <test-method is-config="true" signature="afterMethod()[pri:0, instance:testcases_createAccountModule.TC_07_CreateAccount@55b0dcab]" started-at="2024-09-23T13:47:26 IST" name="afterMethod" finished-at="2024-09-23T13:47:26 IST" duration-ms="241" status="PASS">
          <reporter-output>
          </reporter-output>
        </test-method> <!-- afterMethod -->
      </class> <!-- testcases_createAccountModule.TC_07_CreateAccount -->
      <class name="testcases_myCoursePageModule.TC_05_Chapter_N_Topic_Assessment">
        <test-method is-config="true" signature="startTestCase()[pri:0, instance:testcases_myCoursePageModule.TC_05_Chapter_N_Topic_Assessment@43c1b556]" started-at="2024-09-23T13:38:52 IST" name="startTestCase" finished-at="2024-09-23T13:38:52 IST" duration-ms="1" status="PASS">
          <reporter-output>
          </reporter-output>
        </test-method> <!-- startTestCase -->
        <test-method signature="Mycoursepage()[pri:0, instance:testcases_myCoursePageModule.TC_05_Chapter_N_Topic_Assessment@43c1b556]" started-at="2024-09-23T13:38:52 IST" name="Mycoursepage" finished-at="2024-09-23T13:39:26 IST" duration-ms="33772" status="FAIL">
          <exception class="org.openqa.selenium.NoSuchElementException">
            <message>
              <![CDATA[no such element: Unable to locate element: {"method":"xpath","selector":"(//div[contains(@class,'Course_Content_topic_Assests_Body_Container_After_Buy')])[1]//*[@color='#21B573']"}
  (Session info: chrome=129.0.6668.58)
For documentation on this error, please visit: https://www.selenium.dev/documentation/webdriver/troubleshooting/errors#no-such-element-exception
Build info: version: '4.24.0', revision: '748ffc9bc3'
System info: os.name: 'Windows 10', os.arch: 'amd64', os.version: '10.0', java.version: '22.0.1'
Driver info: org.openqa.selenium.chrome.ChromeDriver
Command: [1e1dc3545a1fe50aeb89628b3385cdc1, findElement {value=(//div[contains(@class,'Course_Content_topic_Assests_Body_Container_After_Buy')])[1]//*[@color='#21B573'], using=xpath}]
Capabilities {acceptInsecureCerts: false, browserName: chrome, browserVersion: 129.0.6668.58, chrome: {chromedriverVersion: 129.0.6668.58 (81a06fb873a9..., userDataDir: C:\Users\INVCUS~1\AppData\L...}, fedcm:accounts: true, goog:chromeOptions: {debuggerAddress: localhost:64508}, networkConnectionEnabled: false, pageLoadStrategy: normal, platformName: windows, proxy: Proxy(), se:cdp: ws://localhost:64508/devtoo..., se:cdpVersion: 129.0.6668.58, setWindowRect: true, strictFileInteractability: false, timeouts: {implicit: 0, pageLoad: 300000, script: 30000}, unhandledPromptBehavior: dismiss and notify, webauthn:extension:credBlob: true, webauthn:extension:largeBlob: true, webauthn:extension:minPinLength: true, webauthn:extension:prf: true, webauthn:virtualAuthenticators: true}
Session ID: 1e1dc3545a1fe50aeb89628b3385cdc1]]>
            </message>
            <full-stacktrace>
              <![CDATA[org.openqa.selenium.NoSuchElementException: no such element: Unable to locate element: {"method":"xpath","selector":"(//div[contains(@class,'Course_Content_topic_Assests_Body_Container_After_Buy')])[1]//*[@color='#21B573']"}
  (Session info: chrome=129.0.6668.58)
For documentation on this error, please visit: https://www.selenium.dev/documentation/webdriver/troubleshooting/errors#no-such-element-exception
Build info: version: '4.24.0', revision: '748ffc9bc3'
System info: os.name: 'Windows 10', os.arch: 'amd64', os.version: '10.0', java.version: '22.0.1'
Driver info: org.openqa.selenium.chrome.ChromeDriver
Command: [1e1dc3545a1fe50aeb89628b3385cdc1, findElement {value=(//div[contains(@class,'Course_Content_topic_Assests_Body_Container_After_Buy')])[1]//*[@color='#21B573'], using=xpath}]
Capabilities {acceptInsecureCerts: false, browserName: chrome, browserVersion: 129.0.6668.58, chrome: {chromedriverVersion: 129.0.6668.58 (81a06fb873a9..., userDataDir: C:\Users\INVCUS~1\AppData\L...}, fedcm:accounts: true, goog:chromeOptions: {debuggerAddress: localhost:64508}, networkConnectionEnabled: false, pageLoadStrategy: normal, platformName: windows, proxy: Proxy(), se:cdp: ws://localhost:64508/devtoo..., se:cdpVersion: 129.0.6668.58, setWindowRect: true, strictFileInteractability: false, timeouts: {implicit: 0, pageLoad: 300000, script: 30000}, unhandledPromptBehavior: dismiss and notify, webauthn:extension:credBlob: true, webauthn:extension:largeBlob: true, webauthn:extension:minPinLength: true, webauthn:extension:prf: true, webauthn:virtualAuthenticators: true}
Session ID: 1e1dc3545a1fe50aeb89628b3385cdc1
at java.base/jdk.internal.reflect.DirectConstructorHandleAccessor.newInstance(DirectConstructorHandleAccessor.java:62)
at java.base/java.lang.reflect.Constructor.newInstanceWithCaller(Constructor.java:502)
at java.base/java.lang.reflect.Constructor.newInstance(Constructor.java:486)
at org.openqa.selenium.remote.ErrorCodec.decode(ErrorCodec.java:167)
at org.openqa.selenium.remote.codec.w3c.W3CHttpResponseCodec.decode(W3CHttpResponseCodec.java:138)
at org.openqa.selenium.remote.codec.w3c.W3CHttpResponseCodec.decode(W3CHttpResponseCodec.java:50)
at org.openqa.selenium.remote.HttpCommandExecutor.execute(HttpCommandExecutor.java:190)
at org.openqa.selenium.remote.service.DriverCommandExecutor.invokeExecute(DriverCommandExecutor.java:216)
at org.openqa.selenium.remote.service.DriverCommandExecutor.execute(DriverCommandExecutor.java:174)
at org.openqa.selenium.remote.RemoteWebDriver.execute(RemoteWebDriver.java:545)
at org.openqa.selenium.remote.ElementLocation$ElementFinder$2.findElement(ElementLocation.java:165)
at org.openqa.selenium.remote.ElementLocation.findElement(ElementLocation.java:59)
at org.openqa.selenium.remote.RemoteWebDriver.findElement(RemoteWebDriver.java:368)
at org.openqa.selenium.remote.RemoteWebDriver.findElement(RemoteWebDriver.java:362)
at org.openqa.selenium.support.pagefactory.DefaultElementLocator.findElement(DefaultElementLocator.java:68)
at org.openqa.selenium.support.pagefactory.internal.LocatingElementHandler.invoke(LocatingElementHandler.java:38)
at jdk.proxy2/jdk.proxy2.$Proxy17.isDisplayed(Unknown Source)
at pages.CourseContentPage.clickTopicAssessmentButton(CourseContentPage.java:130)
at testcases_myCoursePageModule.TC_05_Chapter_N_Topic_Assessment.Mycoursepage(TC_05_Chapter_N_Topic_Assessment.java:64)
at java.base/jdk.internal.reflect.DirectMethodHandleAccessor.invoke(DirectMethodHandleAccessor.java:103)
at java.base/java.lang.reflect.Method.invoke(Method.java:580)
at org.testng.internal.invokers.MethodInvocationHelper.invokeMethod(MethodInvocationHelper.java:139)
at org.testng.internal.invokers.TestInvoker.invokeMethod(TestInvoker.java:664)
at org.testng.internal.invokers.TestInvoker.invokeTestMethod(TestInvoker.java:228)
at org.testng.internal.invokers.MethodRunner.runInSequence(MethodRunner.java:63)
at org.testng.internal.invokers.TestInvoker$MethodInvocationAgent.invoke(TestInvoker.java:961)
at org.testng.internal.invokers.TestInvoker.invokeTestMethods(TestInvoker.java:201)
at org.testng.internal.invokers.TestMethodWorker.invokeTestMethods(TestMethodWorker.java:148)
at org.testng.internal.invokers.TestMethodWorker.run(TestMethodWorker.java:128)
at java.base/java.util.ArrayList.forEach(ArrayList.java:1597)
at org.testng.TestRunner.privateRun(TestRunner.java:819)
at org.testng.TestRunner.run(TestRunner.java:619)
at org.testng.SuiteRunner.runTest(SuiteRunner.java:443)
at org.testng.SuiteRunner.runSequentially(SuiteRunner.java:437)
at org.testng.SuiteRunner.privateRun(SuiteRunner.java:397)
at org.testng.SuiteRunner.run(SuiteRunner.java:336)
at org.testng.SuiteRunnerWorker.runSuite(SuiteRunnerWorker.java:52)
at org.testng.SuiteRunnerWorker.run(SuiteRunnerWorker.java:95)
at org.testng.TestNG.runSuitesSequentially(TestNG.java:1301)
at org.testng.TestNG.runSuitesLocally(TestNG.java:1228)
at org.testng.TestNG.runSuites(TestNG.java:1134)
at org.testng.TestNG.run(TestNG.java:1101)
at org.apache.maven.surefire.testng.TestNGExecutor.run(TestNGExecutor.java:308)
at org.apache.maven.surefire.testng.TestNGXmlTestSuite.execute(TestNGXmlTestSuite.java:71)
at org.apache.maven.surefire.testng.TestNGProvider.invoke(TestNGProvider.java:113)
at org.apache.maven.surefire.booter.ForkedBooter.runSuitesInProcess(ForkedBooter.java:385)
at org.apache.maven.surefire.booter.ForkedBooter.execute(ForkedBooter.java:162)
at org.apache.maven.surefire.booter.ForkedBooter.run(ForkedBooter.java:507)
at org.apache.maven.surefire.booter.ForkedBooter.main(ForkedBooter.java:495)
]]>
            </full-stacktrace>
          </exception> <!-- org.openqa.selenium.NoSuchElementException -->
          <reporter-output>
          </reporter-output>
        </test-method> <!-- Mycoursepage -->
        <test-method is-config="true" signature="beforeMethod()[pri:0, instance:testcases_myCoursePageModule.TC_05_Chapter_N_Topic_Assessment@43c1b556]" started-at="2024-09-23T13:38:52 IST" name="beforeMethod" finished-at="2024-09-23T13:38:52 IST" duration-ms="0" status="PASS">
          <reporter-output>
          </reporter-output>
        </test-method> <!-- beforeMethod -->
        <test-method is-config="true" signature="afterMethod()[pri:0, instance:testcases_myCoursePageModule.TC_05_Chapter_N_Topic_Assessment@43c1b556]" started-at="2024-09-23T13:39:26 IST" name="afterMethod" finished-at="2024-09-23T13:39:27 IST" duration-ms="321" status="PASS">
          <reporter-output>
          </reporter-output>
        </test-method> <!-- afterMethod -->
      </class> <!-- testcases_myCoursePageModule.TC_05_Chapter_N_Topic_Assessment -->
      <class name="testcases_myCoursePageModule.TC_01_MyCoursePage">
        <test-method is-config="true" signature="startTestCase()[pri:0, instance:testcases_myCoursePageModule.TC_01_MyCoursePage@3d34d211]" started-at="2024-09-23T13:30:43 IST" name="startTestCase" finished-at="2024-09-23T13:30:43 IST" duration-ms="1" status="PASS">
          <reporter-output>
          </reporter-output>
        </test-method> <!-- startTestCase -->
        <test-method is-config="true" signature="beforeMethod()[pri:0, instance:testcases_myCoursePageModule.TC_01_MyCoursePage@3d34d211]" started-at="2024-09-23T13:30:43 IST" name="beforeMethod" finished-at="2024-09-23T13:30:43 IST" duration-ms="1" status="PASS">
          <reporter-output>
          </reporter-output>
        </test-method> <!-- beforeMethod -->
        <test-method signature="Mycoursepage()[pri:0, instance:testcases_myCoursePageModule.TC_01_MyCoursePage@3d34d211]" started-at="2024-09-23T13:30:43 IST" name="Mycoursepage" finished-at="2024-09-23T13:31:17 IST" duration-ms="33401" status="PASS">
          <reporter-output>
          </reporter-output>
        </test-method> <!-- Mycoursepage -->
        <test-method is-config="true" signature="afterMethod()[pri:0, instance:testcases_myCoursePageModule.TC_01_MyCoursePage@3d34d211]" started-at="2024-09-23T13:31:17 IST" name="afterMethod" finished-at="2024-09-23T13:31:17 IST" duration-ms="281" status="PASS">
          <reporter-output>
          </reporter-output>
        </test-method> <!-- afterMethod -->
      </class> <!-- testcases_myCoursePageModule.TC_01_MyCoursePage -->
      <class name="testcases_assessment_module.TC_01_Assessment_Navigation">
        <test-method is-config="true" signature="startTestCase()[pri:0, instance:testcases_assessment_module.TC_01_Assessment_Navigation@4c178a76]" started-at="2024-09-23T13:26:33 IST" name="startTestCase" finished-at="2024-09-23T13:26:33 IST" duration-ms="1" status="PASS">
          <reporter-output>
          </reporter-output>
        </test-method> <!-- startTestCase -->
        <test-method is-config="true" signature="beforeMethod()[pri:0, instance:testcases_assessment_module.TC_01_Assessment_Navigation@4c178a76]" started-at="2024-09-23T13:26:33 IST" name="beforeMethod" finished-at="2024-09-23T13:26:33 IST" duration-ms="1" status="PASS">
          <reporter-output>
          </reporter-output>
        </test-method> <!-- beforeMethod -->
        <test-method signature="navigation()[pri:0, instance:testcases_assessment_module.TC_01_Assessment_Navigation@4c178a76]" started-at="2024-09-23T13:26:33 IST" name="navigation" finished-at="2024-09-23T13:27:08 IST" duration-ms="34552" status="FAIL">
          <exception class="java.lang.RuntimeException">
            <message>
              <![CDATA[FAILED]]>
            </message>
            <full-stacktrace>
              <![CDATA[java.lang.RuntimeException: FAILED
at utils.Reporter.reportStep(Reporter.java:48)
at wrappers.GenericWrappers.clickbyXpath(GenericWrappers.java:113)
at pages.HomePage.clickMyCourseButton(HomePage.java:36)
at testcases_assessment_module.TC_01_Assessment_Navigation.navigation(TC_01_Assessment_Navigation.java:46)
at java.base/jdk.internal.reflect.DirectMethodHandleAccessor.invoke(DirectMethodHandleAccessor.java:103)
at java.base/java.lang.reflect.Method.invoke(Method.java:580)
at org.testng.internal.invokers.MethodInvocationHelper.invokeMethod(MethodInvocationHelper.java:139)
at org.testng.internal.invokers.TestInvoker.invokeMethod(TestInvoker.java:664)
at org.testng.internal.invokers.TestInvoker.invokeTestMethod(TestInvoker.java:228)
at org.testng.internal.invokers.MethodRunner.runInSequence(MethodRunner.java:63)
at org.testng.internal.invokers.TestInvoker$MethodInvocationAgent.invoke(TestInvoker.java:961)
at org.testng.internal.invokers.TestInvoker.invokeTestMethods(TestInvoker.java:201)
at org.testng.internal.invokers.TestMethodWorker.invokeTestMethods(TestMethodWorker.java:148)
at org.testng.internal.invokers.TestMethodWorker.run(TestMethodWorker.java:128)
at java.base/java.util.ArrayList.forEach(ArrayList.java:1597)
at org.testng.TestRunner.privateRun(TestRunner.java:819)
at org.testng.TestRunner.run(TestRunner.java:619)
at org.testng.SuiteRunner.runTest(SuiteRunner.java:443)
at org.testng.SuiteRunner.runSequentially(SuiteRunner.java:437)
at org.testng.SuiteRunner.privateRun(SuiteRunner.java:397)
at org.testng.SuiteRunner.run(SuiteRunner.java:336)
at org.testng.SuiteRunnerWorker.runSuite(SuiteRunnerWorker.java:52)
at org.testng.SuiteRunnerWorker.run(SuiteRunnerWorker.java:95)
at org.testng.TestNG.runSuitesSequentially(TestNG.java:1301)
at org.testng.TestNG.runSuitesLocally(TestNG.java:1228)
at org.testng.TestNG.runSuites(TestNG.java:1134)
at org.testng.TestNG.run(TestNG.java:1101)
at org.apache.maven.surefire.testng.TestNGExecutor.run(TestNGExecutor.java:308)
at org.apache.maven.surefire.testng.TestNGXmlTestSuite.execute(TestNGXmlTestSuite.java:71)
at org.apache.maven.surefire.testng.TestNGProvider.invoke(TestNGProvider.java:113)
at org.apache.maven.surefire.booter.ForkedBooter.runSuitesInProcess(ForkedBooter.java:385)
at org.apache.maven.surefire.booter.ForkedBooter.execute(ForkedBooter.java:162)
at org.apache.maven.surefire.booter.ForkedBooter.run(ForkedBooter.java:507)
at org.apache.maven.surefire.booter.ForkedBooter.main(ForkedBooter.java:495)
]]>
            </full-stacktrace>
          </exception> <!-- java.lang.RuntimeException -->
          <reporter-output>
          </reporter-output>
        </test-method> <!-- navigation -->
        <test-method is-config="true" signature="afterMethod()[pri:0, instance:testcases_assessment_module.TC_01_Assessment_Navigation@4c178a76]" started-at="2024-09-23T13:27:08 IST" name="afterMethod" finished-at="2024-09-23T13:27:08 IST" duration-ms="348" status="PASS">
          <reporter-output>
          </reporter-output>
        </test-method> <!-- afterMethod -->
      </class> <!-- testcases_assessment_module.TC_01_Assessment_Navigation -->
      <class name="testcases_createAccountModule.TC_03_CreateAccount">
        <test-method is-config="true" signature="startTestCase()[pri:0, instance:testcases_createAccountModule.TC_03_CreateAccount@41a2befb]" started-at="2024-09-23T13:34:47 IST" name="startTestCase" finished-at="2024-09-23T13:34:47 IST" duration-ms="0" status="PASS">
          <reporter-output>
          </reporter-output>
        </test-method> <!-- startTestCase -->
        <test-method signature="createAccount()[pri:0, instance:testcases_createAccountModule.TC_03_CreateAccount@41a2befb]" started-at="2024-09-23T13:34:47 IST" name="createAccount" finished-at="2024-09-23T13:34:54 IST" duration-ms="7203" status="PASS">
          <reporter-output>
          </reporter-output>
        </test-method> <!-- createAccount -->
        <test-method is-config="true" signature="beforeMethod()[pri:0, instance:testcases_createAccountModule.TC_03_CreateAccount@41a2befb]" started-at="2024-09-23T13:34:47 IST" name="beforeMethod" finished-at="2024-09-23T13:34:47 IST" duration-ms="0" status="PASS">
          <reporter-output>
          </reporter-output>
        </test-method> <!-- beforeMethod -->
        <test-method is-config="true" signature="afterMethod()[pri:0, instance:testcases_createAccountModule.TC_03_CreateAccount@41a2befb]" started-at="2024-09-23T13:34:54 IST" name="afterMethod" finished-at="2024-09-23T13:34:55 IST" duration-ms="421" status="PASS">
          <reporter-output>
          </reporter-output>
        </test-method> <!-- afterMethod -->
      </class> <!-- testcases_createAccountModule.TC_03_CreateAccount -->
      <class name="testcases_general.TC_04_TakeChapterAssessment">
        <test-method is-config="true" signature="startTestCase()[pri:0, instance:testcases_general.TC_04_TakeChapterAssessment@20d525]" started-at="2024-09-23T13:38:34 IST" name="startTestCase" finished-at="2024-09-23T13:38:34 IST" duration-ms="1" status="PASS">
          <reporter-output>
          </reporter-output>
        </test-method> <!-- startTestCase -->
        <test-method is-config="true" signature="beforeMethod()[pri:0, instance:testcases_general.TC_04_TakeChapterAssessment@20d525]" started-at="2024-09-23T13:38:34 IST" name="beforeMethod" finished-at="2024-09-23T13:38:34 IST" duration-ms="0" status="PASS">
          <reporter-output>
          </reporter-output>
        </test-method> <!-- beforeMethod -->
        <test-method signature="createAccount()[pri:0, instance:testcases_general.TC_04_TakeChapterAssessment@20d525]" started-at="2024-09-23T13:38:34 IST" name="createAccount" finished-at="2024-09-23T13:38:52 IST" duration-ms="18215" status="FAIL">
          <exception class="org.openqa.selenium.NoSuchElementException">
            <message>
              <![CDATA[no such element: Unable to locate element: {"method":"xpath","selector":"(//div[contains(@class,'Assessment_optionKey')])[1]"}
  (Session info: chrome=129.0.6668.58)
For documentation on this error, please visit: https://www.selenium.dev/documentation/webdriver/troubleshooting/errors#no-such-element-exception
Build info: version: '4.24.0', revision: '748ffc9bc3'
System info: os.name: 'Windows 10', os.arch: 'amd64', os.version: '10.0', java.version: '22.0.1'
Driver info: org.openqa.selenium.chrome.ChromeDriver
Command: [e31c3a8b47e1a6f15d92e7fe0aed012f, findElement {value=(//div[contains(@class,'Assessment_optionKey')])[1], using=xpath}]
Capabilities {acceptInsecureCerts: false, browserName: chrome, browserVersion: 129.0.6668.58, chrome: {chromedriverVersion: 129.0.6668.58 (81a06fb873a9..., userDataDir: C:\Users\INVCUS~1\AppData\L...}, fedcm:accounts: true, goog:chromeOptions: {debuggerAddress: localhost:64474}, networkConnectionEnabled: false, pageLoadStrategy: normal, platformName: windows, proxy: Proxy(), se:cdp: ws://localhost:64474/devtoo..., se:cdpVersion: 129.0.6668.58, setWindowRect: true, strictFileInteractability: false, timeouts: {implicit: 0, pageLoad: 300000, script: 30000}, unhandledPromptBehavior: dismiss and notify, webauthn:extension:credBlob: true, webauthn:extension:largeBlob: true, webauthn:extension:minPinLength: true, webauthn:extension:prf: true, webauthn:virtualAuthenticators: true}
Session ID: e31c3a8b47e1a6f15d92e7fe0aed012f]]>
            </message>
            <full-stacktrace>
              <![CDATA[org.openqa.selenium.NoSuchElementException: no such element: Unable to locate element: {"method":"xpath","selector":"(//div[contains(@class,'Assessment_optionKey')])[1]"}
  (Session info: chrome=129.0.6668.58)
For documentation on this error, please visit: https://www.selenium.dev/documentation/webdriver/troubleshooting/errors#no-such-element-exception
Build info: version: '4.24.0', revision: '748ffc9bc3'
System info: os.name: 'Windows 10', os.arch: 'amd64', os.version: '10.0', java.version: '22.0.1'
Driver info: org.openqa.selenium.chrome.ChromeDriver
Command: [e31c3a8b47e1a6f15d92e7fe0aed012f, findElement {value=(//div[contains(@class,'Assessment_optionKey')])[1], using=xpath}]
Capabilities {acceptInsecureCerts: false, browserName: chrome, browserVersion: 129.0.6668.58, chrome: {chromedriverVersion: 129.0.6668.58 (81a06fb873a9..., userDataDir: C:\Users\INVCUS~1\AppData\L...}, fedcm:accounts: true, goog:chromeOptions: {debuggerAddress: localhost:64474}, networkConnectionEnabled: false, pageLoadStrategy: normal, platformName: windows, proxy: Proxy(), se:cdp: ws://localhost:64474/devtoo..., se:cdpVersion: 129.0.6668.58, setWindowRect: true, strictFileInteractability: false, timeouts: {implicit: 0, pageLoad: 300000, script: 30000}, unhandledPromptBehavior: dismiss and notify, webauthn:extension:credBlob: true, webauthn:extension:largeBlob: true, webauthn:extension:minPinLength: true, webauthn:extension:prf: true, webauthn:virtualAuthenticators: true}
Session ID: e31c3a8b47e1a6f15d92e7fe0aed012f
at java.base/jdk.internal.reflect.DirectConstructorHandleAccessor.newInstance(DirectConstructorHandleAccessor.java:62)
at java.base/java.lang.reflect.Constructor.newInstanceWithCaller(Constructor.java:502)
at java.base/java.lang.reflect.Constructor.newInstance(Constructor.java:486)
at org.openqa.selenium.remote.ErrorCodec.decode(ErrorCodec.java:167)
at org.openqa.selenium.remote.codec.w3c.W3CHttpResponseCodec.decode(W3CHttpResponseCodec.java:138)
at org.openqa.selenium.remote.codec.w3c.W3CHttpResponseCodec.decode(W3CHttpResponseCodec.java:50)
at org.openqa.selenium.remote.HttpCommandExecutor.execute(HttpCommandExecutor.java:190)
at org.openqa.selenium.remote.service.DriverCommandExecutor.invokeExecute(DriverCommandExecutor.java:216)
at org.openqa.selenium.remote.service.DriverCommandExecutor.execute(DriverCommandExecutor.java:174)
at org.openqa.selenium.remote.RemoteWebDriver.execute(RemoteWebDriver.java:545)
at org.openqa.selenium.remote.ElementLocation$ElementFinder$2.findElement(ElementLocation.java:165)
at org.openqa.selenium.remote.ElementLocation.findElement(ElementLocation.java:59)
at org.openqa.selenium.remote.RemoteWebDriver.findElement(RemoteWebDriver.java:368)
at org.openqa.selenium.remote.RemoteWebDriver.findElement(RemoteWebDriver.java:362)
at pages.AssessmentPage.getAnswerField(AssessmentPage.java:73)
at pages.AssessmentPage.enterMcqOption(AssessmentPage.java:86)
at testcases_general.TC_04_TakeChapterAssessment.createAccount(TC_04_TakeChapterAssessment.java:56)
at java.base/jdk.internal.reflect.DirectMethodHandleAccessor.invoke(DirectMethodHandleAccessor.java:103)
at java.base/java.lang.reflect.Method.invoke(Method.java:580)
at org.testng.internal.invokers.MethodInvocationHelper.invokeMethod(MethodInvocationHelper.java:139)
at org.testng.internal.invokers.TestInvoker.invokeMethod(TestInvoker.java:664)
at org.testng.internal.invokers.TestInvoker.invokeTestMethod(TestInvoker.java:228)
at org.testng.internal.invokers.MethodRunner.runInSequence(MethodRunner.java:63)
at org.testng.internal.invokers.TestInvoker$MethodInvocationAgent.invoke(TestInvoker.java:961)
at org.testng.internal.invokers.TestInvoker.invokeTestMethods(TestInvoker.java:201)
at org.testng.internal.invokers.TestMethodWorker.invokeTestMethods(TestMethodWorker.java:148)
at org.testng.internal.invokers.TestMethodWorker.run(TestMethodWorker.java:128)
at java.base/java.util.ArrayList.forEach(ArrayList.java:1597)
at org.testng.TestRunner.privateRun(TestRunner.java:819)
at org.testng.TestRunner.run(TestRunner.java:619)
at org.testng.SuiteRunner.runTest(SuiteRunner.java:443)
at org.testng.SuiteRunner.runSequentially(SuiteRunner.java:437)
at org.testng.SuiteRunner.privateRun(SuiteRunner.java:397)
at org.testng.SuiteRunner.run(SuiteRunner.java:336)
at org.testng.SuiteRunnerWorker.runSuite(SuiteRunnerWorker.java:52)
at org.testng.SuiteRunnerWorker.run(SuiteRunnerWorker.java:95)
at org.testng.TestNG.runSuitesSequentially(TestNG.java:1301)
at org.testng.TestNG.runSuitesLocally(TestNG.java:1228)
at org.testng.TestNG.runSuites(TestNG.java:1134)
at org.testng.TestNG.run(TestNG.java:1101)
at org.apache.maven.surefire.testng.TestNGExecutor.run(TestNGExecutor.java:308)
at org.apache.maven.surefire.testng.TestNGXmlTestSuite.execute(TestNGXmlTestSuite.java:71)
at org.apache.maven.surefire.testng.TestNGProvider.invoke(TestNGProvider.java:113)
at org.apache.maven.surefire.booter.ForkedBooter.runSuitesInProcess(ForkedBooter.java:385)
at org.apache.maven.surefire.booter.ForkedBooter.execute(ForkedBooter.java:162)
at org.apache.maven.surefire.booter.ForkedBooter.run(ForkedBooter.java:507)
at org.apache.maven.surefire.booter.ForkedBooter.main(ForkedBooter.java:495)
]]>
            </full-stacktrace>
          </exception> <!-- org.openqa.selenium.NoSuchElementException -->
          <reporter-output>
          </reporter-output>
        </test-method> <!-- createAccount -->
        <test-method is-config="true" signature="afterMethod()[pri:0, instance:testcases_general.TC_04_TakeChapterAssessment@20d525]" started-at="2024-09-23T13:38:52 IST" name="afterMethod" finished-at="2024-09-23T13:38:52 IST" duration-ms="355" status="PASS">
          <reporter-output>
          </reporter-output>
        </test-method> <!-- afterMethod -->
      </class> <!-- testcases_general.TC_04_TakeChapterAssessment -->
      <class name="testcases_general.TC_01_CreateAcount">
        <test-method is-config="true" signature="startTestCase()[pri:0, instance:testcases_general.TC_01_CreateAcount@70325e14]" started-at="2024-09-23T13:29:55 IST" name="startTestCase" finished-at="2024-09-23T13:29:55 IST" duration-ms="1" status="PASS">
          <reporter-output>
          </reporter-output>
        </test-method> <!-- startTestCase -->
        <test-method signature="createAccount()[pri:0, instance:testcases_general.TC_01_CreateAcount@70325e14]" started-at="2024-09-23T13:29:55 IST" name="createAccount" finished-at="2024-09-23T13:30:00 IST" duration-ms="5055" status="PASS">
          <reporter-output>
          </reporter-output>
        </test-method> <!-- createAccount -->
        <test-method is-config="true" signature="beforeMethod()[pri:0, instance:testcases_general.TC_01_CreateAcount@70325e14]" started-at="2024-09-23T13:29:55 IST" name="beforeMethod" finished-at="2024-09-23T13:29:55 IST" duration-ms="0" status="PASS">
          <reporter-output>
          </reporter-output>
        </test-method> <!-- beforeMethod -->
        <test-method is-config="true" signature="afterMethod()[pri:0, instance:testcases_general.TC_01_CreateAcount@70325e14]" started-at="2024-09-23T13:30:00 IST" name="afterMethod" finished-at="2024-09-23T13:30:00 IST" duration-ms="239" status="PASS">
          <reporter-output>
          </reporter-output>
        </test-method> <!-- afterMethod -->
      </class> <!-- testcases_general.TC_01_CreateAcount -->
      <class name="testcases_createAccountModule.TC_08_CreateAccount">
        <test-method is-config="true" signature="startTestCase()[pri:0, instance:testcases_createAccountModule.TC_08_CreateAccount@38afe297]" started-at="2024-09-23T13:48:51 IST" name="startTestCase" finished-at="2024-09-23T13:48:51 IST" duration-ms="0" status="PASS">
          <reporter-output>
          </reporter-output>
        </test-method> <!-- startTestCase -->
        <test-method signature="createAccount()[pri:0, instance:testcases_createAccountModule.TC_08_CreateAccount@38afe297]" started-at="2024-09-23T13:48:51 IST" name="createAccount" finished-at="2024-09-23T13:48:58 IST" duration-ms="6845" status="PASS">
          <reporter-output>
          </reporter-output>
        </test-method> <!-- createAccount -->
        <test-method is-config="true" signature="beforeMethod()[pri:0, instance:testcases_createAccountModule.TC_08_CreateAccount@38afe297]" started-at="2024-09-23T13:48:51 IST" name="beforeMethod" finished-at="2024-09-23T13:48:51 IST" duration-ms="0" status="PASS">
          <reporter-output>
          </reporter-output>
        </test-method> <!-- beforeMethod -->
        <test-method is-config="true" signature="afterMethod()[pri:0, instance:testcases_createAccountModule.TC_08_CreateAccount@38afe297]" started-at="2024-09-23T13:48:58 IST" name="afterMethod" finished-at="2024-09-23T13:48:58 IST" duration-ms="637" status="PASS">
          <reporter-output>
          </reporter-output>
        </test-method> <!-- afterMethod -->
      </class> <!-- testcases_createAccountModule.TC_08_CreateAccount -->
      <class name="testcases_profilePageModule.TC_01_ProfilePage">
        <test-method is-config="true" signature="startTestCase()[pri:0, instance:testcases_profilePageModule.TC_01_ProfilePage@22fcf7ab]" started-at="2024-09-23T13:31:17 IST" name="startTestCase" finished-at="2024-09-23T13:31:17 IST" duration-ms="1" status="PASS">
          <reporter-output>
          </reporter-output>
        </test-method> <!-- startTestCase -->
        <test-method signature="Profilepage()[pri:0, instance:testcases_profilePageModule.TC_01_ProfilePage@22fcf7ab]" started-at="2024-09-23T13:31:17 IST" name="Profilepage" finished-at="2024-09-23T13:31:30 IST" duration-ms="12756" status="PASS">
          <reporter-output>
          </reporter-output>
        </test-method> <!-- Profilepage -->
        <test-method is-config="true" signature="beforeMethod()[pri:0, instance:testcases_profilePageModule.TC_01_ProfilePage@22fcf7ab]" started-at="2024-09-23T13:31:17 IST" name="beforeMethod" finished-at="2024-09-23T13:31:17 IST" duration-ms="0" status="PASS">
          <reporter-output>
          </reporter-output>
        </test-method> <!-- beforeMethod -->
        <test-method is-config="true" signature="afterMethod()[pri:0, instance:testcases_profilePageModule.TC_01_ProfilePage@22fcf7ab]" started-at="2024-09-23T13:31:30 IST" name="afterMethod" finished-at="2024-09-23T13:31:30 IST" duration-ms="276" status="PASS">
          <reporter-output>
          </reporter-output>
        </test-method> <!-- afterMethod -->
      </class> <!-- testcases_profilePageModule.TC_01_ProfilePage -->
      <class name="testcases_signInPageModule.TC_01_SignInpage">
        <test-method is-config="true" signature="startTestCase()[pri:0, instance:testcases_signInPageModule.TC_01_SignInpage@305b7c14]" started-at="2024-09-23T13:31:30 IST" name="startTestCase" finished-at="2024-09-23T13:31:30 IST" duration-ms="1" status="PASS">
          <reporter-output>
          </reporter-output>
        </test-method> <!-- startTestCase -->
        <test-method is-config="true" signature="beforeMethod()[pri:0, instance:testcases_signInPageModule.TC_01_SignInpage@305b7c14]" started-at="2024-09-23T13:31:30 IST" name="beforeMethod" finished-at="2024-09-23T13:31:30 IST" duration-ms="1" status="PASS">
          <reporter-output>
          </reporter-output>
        </test-method> <!-- beforeMethod -->
        <test-method signature="SignInpage()[pri:0, instance:testcases_signInPageModule.TC_01_SignInpage@305b7c14]" started-at="2024-09-23T13:31:30 IST" name="SignInpage" finished-at="2024-09-23T13:31:47 IST" duration-ms="16694" status="PASS">
          <reporter-output>
          </reporter-output>
        </test-method> <!-- SignInpage -->
        <test-method is-config="true" signature="afterMethod()[pri:0, instance:testcases_signInPageModule.TC_01_SignInpage@305b7c14]" started-at="2024-09-23T13:31:47 IST" name="afterMethod" finished-at="2024-09-23T13:31:47 IST" duration-ms="322" status="PASS">
          <reporter-output>
          </reporter-output>
        </test-method> <!-- afterMethod -->
      </class> <!-- testcases_signInPageModule.TC_01_SignInpage -->
      <class name="testcases_assessment_module.TC_03_Topic_Incomplete_Assessment">
        <test-method is-config="true" signature="startTestCase()[pri:0, instance:testcases_assessment_module.TC_03_Topic_Incomplete_Assessment@3bd82cf5]" started-at="2024-09-23T13:34:27 IST" name="startTestCase" finished-at="2024-09-23T13:34:27 IST" duration-ms="1" status="PASS">
          <reporter-output>
          </reporter-output>
        </test-method> <!-- startTestCase -->
        <test-method signature="topicIncompleteAssessment()[pri:0, instance:testcases_assessment_module.TC_03_Topic_Incomplete_Assessment@3bd82cf5]" started-at="2024-09-23T13:34:27 IST" name="topicIncompleteAssessment" finished-at="2024-09-23T13:34:47 IST" duration-ms="20022" status="PASS">
          <reporter-output>
          </reporter-output>
        </test-method> <!-- topicIncompleteAssessment -->
        <test-method is-config="true" signature="beforeMethod()[pri:0, instance:testcases_assessment_module.TC_03_Topic_Incomplete_Assessment@3bd82cf5]" started-at="2024-09-23T13:34:27 IST" name="beforeMethod" finished-at="2024-09-23T13:34:27 IST" duration-ms="0" status="PASS">
          <reporter-output>
          </reporter-output>
        </test-method> <!-- beforeMethod -->
        <test-method is-config="true" signature="afterMethod()[pri:0, instance:testcases_assessment_module.TC_03_Topic_Incomplete_Assessment@3bd82cf5]" started-at="2024-09-23T13:34:47 IST" name="afterMethod" finished-at="2024-09-23T13:34:47 IST" duration-ms="339" status="PASS">
          <reporter-output>
          </reporter-output>
        </test-method> <!-- afterMethod -->
      </class> <!-- testcases_assessment_module.TC_03_Topic_Incomplete_Assessment -->
      <class name="testcases_allcoursemodule.TC_01_AllcoursePage">
        <test-method is-config="true" signature="beforeSuite()[pri:0, instance:testcases_allcoursemodule.TC_01_AllcoursePage@1ff4931d]" started-at="2024-09-23T13:22:34 IST" name="beforeSuite" finished-at="2024-09-23T13:22:35 IST" duration-ms="571" status="PASS">
          <reporter-output>
          </reporter-output>
        </test-method> <!-- beforeSuite -->
        <test-method is-config="true" signature="beforeTest()[pri:0, instance:testcases_allcoursemodule.TC_01_AllcoursePage@1ff4931d]" started-at="2024-09-23T13:22:35 IST" name="beforeTest" finished-at="2024-09-23T13:22:35 IST" duration-ms="1" status="PASS">
          <reporter-output>
          </reporter-output>
        </test-method> <!-- beforeTest -->
        <test-method is-config="true" signature="startTestCase()[pri:0, instance:testcases_allcoursemodule.TC_01_AllcoursePage@1ff4931d]" started-at="2024-09-23T13:22:35 IST" name="startTestCase" finished-at="2024-09-23T13:22:35 IST" duration-ms="1" status="PASS">
          <reporter-output>
          </reporter-output>
        </test-method> <!-- startTestCase -->
        <test-method is-config="true" signature="beforeMethod()[pri:0, instance:testcases_allcoursemodule.TC_01_AllcoursePage@1ff4931d]" started-at="2024-09-23T13:22:35 IST" name="beforeMethod" finished-at="2024-09-23T13:22:35 IST" duration-ms="13" status="PASS">
          <reporter-output>
          </reporter-output>
        </test-method> <!-- beforeMethod -->
        <test-method signature="AllcoursePage()[pri:0, instance:testcases_allcoursemodule.TC_01_AllcoursePage@1ff4931d]" started-at="2024-09-23T13:22:35 IST" name="AllcoursePage" finished-at="2024-09-23T13:26:33 IST" duration-ms="237707" status="PASS">
          <reporter-output>
          </reporter-output>
        </test-method> <!-- AllcoursePage -->
        <test-method is-config="true" signature="afterMethod()[pri:0, instance:testcases_allcoursemodule.TC_01_AllcoursePage@1ff4931d]" started-at="2024-09-23T13:26:33 IST" name="afterMethod" finished-at="2024-09-23T13:26:33 IST" duration-ms="371" status="PASS">
          <reporter-output>
          </reporter-output>
        </test-method> <!-- afterMethod -->
        <test-method is-config="true" signature="afterTest()[pri:0, instance:testcases_allcoursemodule.TC_01_AllcoursePage@1ff4931d]" started-at="2024-09-23T13:52:43 IST" name="afterTest" finished-at="2024-09-23T13:52:43 IST" duration-ms="1" status="PASS">
          <reporter-output>
          </reporter-output>
        </test-method> <!-- afterTest -->
        <test-method is-config="true" signature="afterSuite()[pri:0, instance:testcases_allcoursemodule.TC_01_AllcoursePage@1ff4931d]" started-at="2024-09-23T13:52:43 IST" name="afterSuite" finished-at="2024-09-23T13:52:44 IST" duration-ms="674" status="PASS">
          <reporter-output>
          </reporter-output>
        </test-method> <!-- afterSuite -->
      </class> <!-- testcases_allcoursemodule.TC_01_AllcoursePage -->
      <class name="testcases_createAccountModule.TC_01_CreateAccount">
        <test-method is-config="true" signature="startTestCase()[pri:0, instance:testcases_createAccountModule.TC_01_CreateAccount@7d20d0b]" started-at="2024-09-23T13:29:48 IST" name="startTestCase" finished-at="2024-09-23T13:29:48 IST" duration-ms="0" status="PASS">
          <reporter-output>
          </reporter-output>
        </test-method> <!-- startTestCase -->
        <test-method signature="createAccount()[pri:0, instance:testcases_createAccountModule.TC_01_CreateAccount@7d20d0b]" started-at="2024-09-23T13:29:48 IST" name="createAccount" finished-at="2024-09-23T13:29:54 IST" duration-ms="6370" status="PASS">
          <reporter-output>
          </reporter-output>
        </test-method> <!-- createAccount -->
        <test-method is-config="true" signature="beforeMethod()[pri:0, instance:testcases_createAccountModule.TC_01_CreateAccount@7d20d0b]" started-at="2024-09-23T13:29:48 IST" name="beforeMethod" finished-at="2024-09-23T13:29:48 IST" duration-ms="0" status="PASS">
          <reporter-output>
          </reporter-output>
        </test-method> <!-- beforeMethod -->
        <test-method is-config="true" signature="afterMethod()[pri:0, instance:testcases_createAccountModule.TC_01_CreateAccount@7d20d0b]" started-at="2024-09-23T13:29:54 IST" name="afterMethod" finished-at="2024-09-23T13:29:55 IST" duration-ms="282" status="PASS">
          <reporter-output>
          </reporter-output>
        </test-method> <!-- afterMethod -->
      </class> <!-- testcases_createAccountModule.TC_01_CreateAccount -->
      <class name="testcases_profilePageModule.TC_02_ProfilePage">
        <test-method is-config="true" signature="startTestCase()[pri:0, instance:testcases_profilePageModule.TC_02_ProfilePage@2de23121]" started-at="2024-09-23T13:33:47 IST" name="startTestCase" finished-at="2024-09-23T13:33:47 IST" duration-ms="1" status="PASS">
          <reporter-output>
          </reporter-output>
        </test-method> <!-- startTestCase -->
        <test-method is-config="true" signature="beforeMethod()[pri:0, instance:testcases_profilePageModule.TC_02_ProfilePage@2de23121]" started-at="2024-09-23T13:33:47 IST" name="beforeMethod" finished-at="2024-09-23T13:33:47 IST" duration-ms="2" status="PASS">
          <reporter-output>
          </reporter-output>
        </test-method> <!-- beforeMethod -->
        <test-method signature="Profilepage()[pri:0, instance:testcases_profilePageModule.TC_02_ProfilePage@2de23121]" started-at="2024-09-23T13:33:47 IST" name="Profilepage" finished-at="2024-09-23T13:34:16 IST" duration-ms="29419" status="FAIL">
          <exception class="org.openqa.selenium.NoSuchElementException">
            <message>
              <![CDATA[no such element: Unable to locate element: {"method":"xpath","selector":"(//div[contains(@class,'Edit_Profile_formikErrorText__')])[2]"}
  (Session info: chrome=129.0.6668.58)
For documentation on this error, please visit: https://www.selenium.dev/documentation/webdriver/troubleshooting/errors#no-such-element-exception
Build info: version: '4.24.0', revision: '748ffc9bc3'
System info: os.name: 'Windows 10', os.arch: 'amd64', os.version: '10.0', java.version: '22.0.1'
Driver info: org.openqa.selenium.chrome.ChromeDriver
Command: [7d5c8f0de596aae584933826f3661049, findElement {value=(//div[contains(@class,'Edit_Profile_formikErrorText__')])[2], using=xpath}]
Capabilities {acceptInsecureCerts: false, browserName: chrome, browserVersion: 129.0.6668.58, chrome: {chromedriverVersion: 129.0.6668.58 (81a06fb873a9..., userDataDir: C:\Users\INVCUS~1\AppData\L...}, fedcm:accounts: true, goog:chromeOptions: {debuggerAddress: localhost:57399}, networkConnectionEnabled: false, pageLoadStrategy: normal, platformName: windows, proxy: Proxy(), se:cdp: ws://localhost:57399/devtoo..., se:cdpVersion: 129.0.6668.58, setWindowRect: true, strictFileInteractability: false, timeouts: {implicit: 0, pageLoad: 300000, script: 30000}, unhandledPromptBehavior: dismiss and notify, webauthn:extension:credBlob: true, webauthn:extension:largeBlob: true, webauthn:extension:minPinLength: true, webauthn:extension:prf: true, webauthn:virtualAuthenticators: true}
Session ID: 7d5c8f0de596aae584933826f3661049]]>
            </message>
            <full-stacktrace>
              <![CDATA[org.openqa.selenium.NoSuchElementException: no such element: Unable to locate element: {"method":"xpath","selector":"(//div[contains(@class,'Edit_Profile_formikErrorText__')])[2]"}
  (Session info: chrome=129.0.6668.58)
For documentation on this error, please visit: https://www.selenium.dev/documentation/webdriver/troubleshooting/errors#no-such-element-exception
Build info: version: '4.24.0', revision: '748ffc9bc3'
System info: os.name: 'Windows 10', os.arch: 'amd64', os.version: '10.0', java.version: '22.0.1'
Driver info: org.openqa.selenium.chrome.ChromeDriver
Command: [7d5c8f0de596aae584933826f3661049, findElement {value=(//div[contains(@class,'Edit_Profile_formikErrorText__')])[2], using=xpath}]
Capabilities {acceptInsecureCerts: false, browserName: chrome, browserVersion: 129.0.6668.58, chrome: {chromedriverVersion: 129.0.6668.58 (81a06fb873a9..., userDataDir: C:\Users\INVCUS~1\AppData\L...}, fedcm:accounts: true, goog:chromeOptions: {debuggerAddress: localhost:57399}, networkConnectionEnabled: false, pageLoadStrategy: normal, platformName: windows, proxy: Proxy(), se:cdp: ws://localhost:57399/devtoo..., se:cdpVersion: 129.0.6668.58, setWindowRect: true, strictFileInteractability: false, timeouts: {implicit: 0, pageLoad: 300000, script: 30000}, unhandledPromptBehavior: dismiss and notify, webauthn:extension:credBlob: true, webauthn:extension:largeBlob: true, webauthn:extension:minPinLength: true, webauthn:extension:prf: true, webauthn:virtualAuthenticators: true}
Session ID: 7d5c8f0de596aae584933826f3661049
at java.base/jdk.internal.reflect.DirectConstructorHandleAccessor.newInstance(DirectConstructorHandleAccessor.java:62)
at java.base/java.lang.reflect.Constructor.newInstanceWithCaller(Constructor.java:502)
at java.base/java.lang.reflect.Constructor.newInstance(Constructor.java:486)
at org.openqa.selenium.remote.ErrorCodec.decode(ErrorCodec.java:167)
at org.openqa.selenium.remote.codec.w3c.W3CHttpResponseCodec.decode(W3CHttpResponseCodec.java:138)
at org.openqa.selenium.remote.codec.w3c.W3CHttpResponseCodec.decode(W3CHttpResponseCodec.java:50)
at org.openqa.selenium.remote.HttpCommandExecutor.execute(HttpCommandExecutor.java:190)
at org.openqa.selenium.remote.service.DriverCommandExecutor.invokeExecute(DriverCommandExecutor.java:216)
at org.openqa.selenium.remote.service.DriverCommandExecutor.execute(DriverCommandExecutor.java:174)
at org.openqa.selenium.remote.RemoteWebDriver.execute(RemoteWebDriver.java:545)
at org.openqa.selenium.remote.ElementLocation$ElementFinder$2.findElement(ElementLocation.java:165)
at org.openqa.selenium.remote.ElementLocation.findElement(ElementLocation.java:59)
at org.openqa.selenium.remote.RemoteWebDriver.findElement(RemoteWebDriver.java:368)
at org.openqa.selenium.remote.RemoteWebDriver.findElement(RemoteWebDriver.java:362)
at org.openqa.selenium.support.pagefactory.DefaultElementLocator.findElement(DefaultElementLocator.java:68)
at org.openqa.selenium.support.pagefactory.internal.LocatingElementHandler.invoke(LocatingElementHandler.java:38)
at jdk.proxy2/jdk.proxy2.$Proxy17.isDisplayed(Unknown Source)
at pages.ProfilePage.clearandsavefield(ProfilePage.java:529)
at testcases_profilePageModule.TC_02_ProfilePage.Profilepage(TC_02_ProfilePage.java:54)
at java.base/jdk.internal.reflect.DirectMethodHandleAccessor.invoke(DirectMethodHandleAccessor.java:103)
at java.base/java.lang.reflect.Method.invoke(Method.java:580)
at org.testng.internal.invokers.MethodInvocationHelper.invokeMethod(MethodInvocationHelper.java:139)
at org.testng.internal.invokers.TestInvoker.invokeMethod(TestInvoker.java:664)
at org.testng.internal.invokers.TestInvoker.invokeTestMethod(TestInvoker.java:228)
at org.testng.internal.invokers.MethodRunner.runInSequence(MethodRunner.java:63)
at org.testng.internal.invokers.TestInvoker$MethodInvocationAgent.invoke(TestInvoker.java:961)
at org.testng.internal.invokers.TestInvoker.invokeTestMethods(TestInvoker.java:201)
at org.testng.internal.invokers.TestMethodWorker.invokeTestMethods(TestMethodWorker.java:148)
at org.testng.internal.invokers.TestMethodWorker.run(TestMethodWorker.java:128)
at java.base/java.util.ArrayList.forEach(ArrayList.java:1597)
at org.testng.TestRunner.privateRun(TestRunner.java:819)
at org.testng.TestRunner.run(TestRunner.java:619)
at org.testng.SuiteRunner.runTest(SuiteRunner.java:443)
at org.testng.SuiteRunner.runSequentially(SuiteRunner.java:437)
at org.testng.SuiteRunner.privateRun(SuiteRunner.java:397)
at org.testng.SuiteRunner.run(SuiteRunner.java:336)
at org.testng.SuiteRunnerWorker.runSuite(SuiteRunnerWorker.java:52)
at org.testng.SuiteRunnerWorker.run(SuiteRunnerWorker.java:95)
at org.testng.TestNG.runSuitesSequentially(TestNG.java:1301)
at org.testng.TestNG.runSuitesLocally(TestNG.java:1228)
at org.testng.TestNG.runSuites(TestNG.java:1134)
at org.testng.TestNG.run(TestNG.java:1101)
at org.apache.maven.surefire.testng.TestNGExecutor.run(TestNGExecutor.java:308)
at org.apache.maven.surefire.testng.TestNGXmlTestSuite.execute(TestNGXmlTestSuite.java:71)
at org.apache.maven.surefire.testng.TestNGProvider.invoke(TestNGProvider.java:113)
at org.apache.maven.surefire.booter.ForkedBooter.runSuitesInProcess(ForkedBooter.java:385)
at org.apache.maven.surefire.booter.ForkedBooter.execute(ForkedBooter.java:162)
at org.apache.maven.surefire.booter.ForkedBooter.run(ForkedBooter.java:507)
at org.apache.maven.surefire.booter.ForkedBooter.main(ForkedBooter.java:495)
]]>
            </full-stacktrace>
          </exception> <!-- org.openqa.selenium.NoSuchElementException -->
          <reporter-output>
          </reporter-output>
        </test-method> <!-- Profilepage -->
        <test-method is-config="true" signature="afterMethod()[pri:0, instance:testcases_profilePageModule.TC_02_ProfilePage@2de23121]" started-at="2024-09-23T13:34:16 IST" name="afterMethod" finished-at="2024-09-23T13:34:17 IST" duration-ms="299" status="PASS">
          <reporter-output>
          </reporter-output>
        </test-method> <!-- afterMethod -->
      </class> <!-- testcases_profilePageModule.TC_02_ProfilePage -->
      <class name="testcases_profilePageModule.TC_04_ProfilePage">
        <test-method is-config="true" signature="startTestCase()[pri:0, instance:testcases_profilePageModule.TC_04_ProfilePage@4988d8b8]" started-at="2024-09-23T13:39:27 IST" name="startTestCase" finished-at="2024-09-23T13:39:27 IST" duration-ms="1" status="PASS">
          <reporter-output>
          </reporter-output>
        </test-method> <!-- startTestCase -->
        <test-method is-config="true" signature="beforeMethod()[pri:0, instance:testcases_profilePageModule.TC_04_ProfilePage@4988d8b8]" started-at="2024-09-23T13:39:27 IST" name="beforeMethod" finished-at="2024-09-23T13:39:27 IST" duration-ms="1" status="PASS">
          <reporter-output>
          </reporter-output>
        </test-method> <!-- beforeMethod -->
        <test-method signature="Profilepage()[pri:0, instance:testcases_profilePageModule.TC_04_ProfilePage@4988d8b8]" started-at="2024-09-23T13:39:27 IST" name="Profilepage" finished-at="2024-09-23T13:39:55 IST" duration-ms="28086" status="PASS">
          <reporter-output>
          </reporter-output>
        </test-method> <!-- Profilepage -->
        <test-method is-config="true" signature="afterMethod()[pri:0, instance:testcases_profilePageModule.TC_04_ProfilePage@4988d8b8]" started-at="2024-09-23T13:39:55 IST" name="afterMethod" finished-at="2024-09-23T13:39:55 IST" duration-ms="376" status="PASS">
          <reporter-output>
          </reporter-output>
        </test-method> <!-- afterMethod -->
      </class> <!-- testcases_profilePageModule.TC_04_ProfilePage -->
      <class name="testcases_myCoursePageModule.TC_06_Topic_N_Chapter_Completion_Check">
        <test-method is-config="true" signature="startTestCase()[pri:0, instance:testcases_myCoursePageModule.TC_06_Topic_N_Chapter_Completion_Check@587e5365]" started-at="2024-09-23T13:41:58 IST" name="startTestCase" finished-at="2024-09-23T13:41:58 IST" duration-ms="2" status="PASS">
          <reporter-output>
          </reporter-output>
        </test-method> <!-- startTestCase -->
        <test-method signature="Mycoursepage()[pri:0, instance:testcases_myCoursePageModule.TC_06_Topic_N_Chapter_Completion_Check@587e5365]" started-at="2024-09-23T13:41:58 IST" name="Mycoursepage" finished-at="2024-09-23T13:42:22 IST" duration-ms="23859" status="PASS">
          <reporter-output>
          </reporter-output>
        </test-method> <!-- Mycoursepage -->
        <test-method is-config="true" signature="beforeMethod()[pri:0, instance:testcases_myCoursePageModule.TC_06_Topic_N_Chapter_Completion_Check@587e5365]" started-at="2024-09-23T13:41:58 IST" name="beforeMethod" finished-at="2024-09-23T13:41:58 IST" duration-ms="0" status="PASS">
          <reporter-output>
          </reporter-output>
        </test-method> <!-- beforeMethod -->
        <test-method is-config="true" signature="afterMethod()[pri:0, instance:testcases_myCoursePageModule.TC_06_Topic_N_Chapter_Completion_Check@587e5365]" started-at="2024-09-23T13:42:22 IST" name="afterMethod" finished-at="2024-09-23T13:42:22 IST" duration-ms="315" status="PASS">
          <reporter-output>
          </reporter-output>
        </test-method> <!-- afterMethod -->
      </class> <!-- testcases_myCoursePageModule.TC_06_Topic_N_Chapter_Completion_Check -->
      <class name="testcases_profilePageModule.TC_03_ProfilePage">
        <test-method is-config="true" signature="startTestCase()[pri:0, instance:testcases_profilePageModule.TC_03_ProfilePage@63475ace]" started-at="2024-09-23T13:35:34 IST" name="startTestCase" finished-at="2024-09-23T13:35:34 IST" duration-ms="0" status="PASS">
          <reporter-output>
          </reporter-output>
        </test-method> <!-- startTestCase -->
        <test-method is-config="true" signature="beforeMethod()[pri:0, instance:testcases_profilePageModule.TC_03_ProfilePage@63475ace]" started-at="2024-09-23T13:35:34 IST" name="beforeMethod" finished-at="2024-09-23T13:35:34 IST" duration-ms="0" status="PASS">
          <reporter-output>
          </reporter-output>
        </test-method> <!-- beforeMethod -->
        <test-method signature="Profilepage()[pri:0, instance:testcases_profilePageModule.TC_03_ProfilePage@63475ace]" started-at="2024-09-23T13:35:34 IST" name="Profilepage" finished-at="2024-09-23T13:35:52 IST" duration-ms="18675" status="PASS">
          <reporter-output>
          </reporter-output>
        </test-method> <!-- Profilepage -->
        <test-method is-config="true" signature="afterMethod()[pri:0, instance:testcases_profilePageModule.TC_03_ProfilePage@63475ace]" started-at="2024-09-23T13:35:52 IST" name="afterMethod" finished-at="2024-09-23T13:35:53 IST" duration-ms="328" status="PASS">
          <reporter-output>
          </reporter-output>
        </test-method> <!-- afterMethod -->
      </class> <!-- testcases_profilePageModule.TC_03_ProfilePage -->
      <class name="testcases_myCoursePageModule.TC_04_Video_Completion_Check">
        <test-method is-config="true" signature="startTestCase()[pri:0, instance:testcases_myCoursePageModule.TC_04_Video_Completion_Check@4009e306]" started-at="2024-09-23T13:35:17 IST" name="startTestCase" finished-at="2024-09-23T13:35:17 IST" duration-ms="1" status="PASS">
          <reporter-output>
          </reporter-output>
        </test-method> <!-- startTestCase -->
        <test-method is-config="true" signature="beforeMethod()[pri:0, instance:testcases_myCoursePageModule.TC_04_Video_Completion_Check@4009e306]" started-at="2024-09-23T13:35:17 IST" name="beforeMethod" finished-at="2024-09-23T13:35:17 IST" duration-ms="1" status="PASS">
          <reporter-output>
          </reporter-output>
        </test-method> <!-- beforeMethod -->
        <test-method signature="Mycoursepage()[pri:0, instance:testcases_myCoursePageModule.TC_04_Video_Completion_Check@4009e306]" started-at="2024-09-23T13:35:17 IST" name="Mycoursepage" finished-at="2024-09-23T13:35:33 IST" duration-ms="16715" status="PASS">
          <reporter-output>
          </reporter-output>
        </test-method> <!-- Mycoursepage -->
        <test-method is-config="true" signature="afterMethod()[pri:0, instance:testcases_myCoursePageModule.TC_04_Video_Completion_Check@4009e306]" started-at="2024-09-23T13:35:33 IST" name="afterMethod" finished-at="2024-09-23T13:35:34 IST" duration-ms="328" status="PASS">
          <reporter-output>
          </reporter-output>
        </test-method> <!-- afterMethod -->
      </class> <!-- testcases_myCoursePageModule.TC_04_Video_Completion_Check -->
      <class name="testcases_assessment_module.TC_07_Incomplete_Course_Level_Assessment">
        <test-method is-config="true" signature="startTestCase()[pri:0, instance:testcases_assessment_module.TC_07_Incomplete_Course_Level_Assessment@7770f470]" started-at="2024-09-23T13:46:55 IST" name="startTestCase" finished-at="2024-09-23T13:46:55 IST" duration-ms="1" status="PASS">
          <reporter-output>
          </reporter-output>
        </test-method> <!-- startTestCase -->
        <test-method signature="inCompleteCourseAssessment()[pri:0, instance:testcases_assessment_module.TC_07_Incomplete_Course_Level_Assessment@7770f470]" started-at="2024-09-23T13:46:55 IST" name="inCompleteCourseAssessment" finished-at="2024-09-23T13:47:21 IST" duration-ms="25577" status="PASS">
          <reporter-output>
          </reporter-output>
        </test-method> <!-- inCompleteCourseAssessment -->
        <test-method is-config="true" signature="beforeMethod()[pri:0, instance:testcases_assessment_module.TC_07_Incomplete_Course_Level_Assessment@7770f470]" started-at="2024-09-23T13:46:55 IST" name="beforeMethod" finished-at="2024-09-23T13:46:55 IST" duration-ms="0" status="PASS">
          <reporter-output>
          </reporter-output>
        </test-method> <!-- beforeMethod -->
        <test-method is-config="true" signature="afterMethod()[pri:0, instance:testcases_assessment_module.TC_07_Incomplete_Course_Level_Assessment@7770f470]" started-at="2024-09-23T13:47:21 IST" name="afterMethod" finished-at="2024-09-23T13:47:21 IST" duration-ms="375" status="PASS">
          <reporter-output>
          </reporter-output>
        </test-method> <!-- afterMethod -->
      </class> <!-- testcases_assessment_module.TC_07_Incomplete_Course_Level_Assessment -->
      <class name="testcases_general.TC_06_Selectsubject">
        <test-method is-config="true" signature="startTestCase()[pri:0, instance:testcases_general.TC_06_Selectsubject@2002fc1d]" started-at="2024-09-23T13:46:45 IST" name="startTestCase" finished-at="2024-09-23T13:46:45 IST" duration-ms="0" status="PASS">
          <reporter-output>
          </reporter-output>
        </test-method> <!-- startTestCase -->
        <test-method signature="SelectSubject()[pri:0, instance:testcases_general.TC_06_Selectsubject@2002fc1d]" started-at="2024-09-23T13:46:45 IST" name="SelectSubject" finished-at="2024-09-23T13:46:55 IST" duration-ms="9708" status="PASS">
          <reporter-output>
          </reporter-output>
        </test-method> <!-- SelectSubject -->
        <test-method is-config="true" signature="beforeMethod()[pri:0, instance:testcases_general.TC_06_Selectsubject@2002fc1d]" started-at="2024-09-23T13:46:45 IST" name="beforeMethod" finished-at="2024-09-23T13:46:45 IST" duration-ms="0" status="PASS">
          <reporter-output>
          </reporter-output>
        </test-method> <!-- beforeMethod -->
        <test-method is-config="true" signature="afterMethod()[pri:0, instance:testcases_general.TC_06_Selectsubject@2002fc1d]" started-at="2024-09-23T13:46:55 IST" name="afterMethod" finished-at="2024-09-23T13:46:55 IST" duration-ms="268" status="PASS">
          <reporter-output>
          </reporter-output>
        </test-method> <!-- afterMethod -->
      </class> <!-- testcases_general.TC_06_Selectsubject -->
      <class name="testcases_signInPageModule.TC_02_SignInpage">
        <test-method is-config="true" signature="startTestCase()[pri:0, instance:testcases_signInPageModule.TC_02_SignInpage@6913c1fb]" started-at="2024-09-23T13:34:17 IST" name="startTestCase" finished-at="2024-09-23T13:34:17 IST" duration-ms="0" status="PASS">
          <reporter-output>
          </reporter-output>
        </test-method> <!-- startTestCase -->
        <test-method is-config="true" signature="beforeMethod()[pri:0, instance:testcases_signInPageModule.TC_02_SignInpage@6913c1fb]" started-at="2024-09-23T13:34:17 IST" name="beforeMethod" finished-at="2024-09-23T13:34:17 IST" duration-ms="1" status="PASS">
          <reporter-output>
          </reporter-output>
        </test-method> <!-- beforeMethod -->
        <test-method signature="SignInpage()[pri:0, instance:testcases_signInPageModule.TC_02_SignInpage@6913c1fb]" started-at="2024-09-23T13:34:17 IST" name="SignInpage" finished-at="2024-09-23T13:34:27 IST" duration-ms="9961" status="PASS">
          <reporter-output>
          </reporter-output>
        </test-method> <!-- SignInpage -->
        <test-method is-config="true" signature="afterMethod()[pri:0, instance:testcases_signInPageModule.TC_02_SignInpage@6913c1fb]" started-at="2024-09-23T13:34:27 IST" name="afterMethod" finished-at="2024-09-23T13:34:27 IST" duration-ms="358" status="PASS">
          <reporter-output>
          </reporter-output>
        </test-method> <!-- afterMethod -->
      </class> <!-- testcases_signInPageModule.TC_02_SignInpage -->
      <class name="testcases_general.TC_07_TakeChapterlevelAssessment">
        <test-method is-config="true" signature="startTestCase()[pri:0, instance:testcases_general.TC_07_TakeChapterlevelAssessment@69453e37]" started-at="2024-09-23T13:47:26 IST" name="startTestCase" finished-at="2024-09-23T13:47:26 IST" duration-ms="0" status="PASS">
          <reporter-output>
          </reporter-output>
        </test-method> <!-- startTestCase -->
        <test-method signature="SelectSubject()[pri:0, instance:testcases_general.TC_07_TakeChapterlevelAssessment@69453e37]" started-at="2024-09-23T13:47:26 IST" name="SelectSubject" finished-at="2024-09-23T13:48:10 IST" duration-ms="43889" status="FAIL">
          <exception class="java.lang.RuntimeException">
            <message>
              <![CDATA[FAILED]]>
            </message>
            <full-stacktrace>
              <![CDATA[java.lang.RuntimeException: FAILED
at utils.Reporter.reportStep(Reporter.java:48)
at wrappers.GenericWrappers.clickbyXpath(GenericWrappers.java:113)
at pages.AssessmentPage.clickReadytoSubmitButton(AssessmentPage.java:109)
at testcases_general.TC_07_TakeChapterlevelAssessment.SelectSubject(TC_07_TakeChapterlevelAssessment.java:58)
at java.base/jdk.internal.reflect.DirectMethodHandleAccessor.invoke(DirectMethodHandleAccessor.java:103)
at java.base/java.lang.reflect.Method.invoke(Method.java:580)
at org.testng.internal.invokers.MethodInvocationHelper.invokeMethod(MethodInvocationHelper.java:139)
at org.testng.internal.invokers.TestInvoker.invokeMethod(TestInvoker.java:664)
at org.testng.internal.invokers.TestInvoker.invokeTestMethod(TestInvoker.java:228)
at org.testng.internal.invokers.MethodRunner.runInSequence(MethodRunner.java:63)
at org.testng.internal.invokers.TestInvoker$MethodInvocationAgent.invoke(TestInvoker.java:961)
at org.testng.internal.invokers.TestInvoker.invokeTestMethods(TestInvoker.java:201)
at org.testng.internal.invokers.TestMethodWorker.invokeTestMethods(TestMethodWorker.java:148)
at org.testng.internal.invokers.TestMethodWorker.run(TestMethodWorker.java:128)
at java.base/java.util.ArrayList.forEach(ArrayList.java:1597)
at org.testng.TestRunner.privateRun(TestRunner.java:819)
at org.testng.TestRunner.run(TestRunner.java:619)
at org.testng.SuiteRunner.runTest(SuiteRunner.java:443)
at org.testng.SuiteRunner.runSequentially(SuiteRunner.java:437)
at org.testng.SuiteRunner.privateRun(SuiteRunner.java:397)
at org.testng.SuiteRunner.run(SuiteRunner.java:336)
at org.testng.SuiteRunnerWorker.runSuite(SuiteRunnerWorker.java:52)
at org.testng.SuiteRunnerWorker.run(SuiteRunnerWorker.java:95)
at org.testng.TestNG.runSuitesSequentially(TestNG.java:1301)
at org.testng.TestNG.runSuitesLocally(TestNG.java:1228)
at org.testng.TestNG.runSuites(TestNG.java:1134)
at org.testng.TestNG.run(TestNG.java:1101)
at org.apache.maven.surefire.testng.TestNGExecutor.run(TestNGExecutor.java:308)
at org.apache.maven.surefire.testng.TestNGXmlTestSuite.execute(TestNGXmlTestSuite.java:71)
at org.apache.maven.surefire.testng.TestNGProvider.invoke(TestNGProvider.java:113)
at org.apache.maven.surefire.booter.ForkedBooter.runSuitesInProcess(ForkedBooter.java:385)
at org.apache.maven.surefire.booter.ForkedBooter.execute(ForkedBooter.java:162)
at org.apache.maven.surefire.booter.ForkedBooter.run(ForkedBooter.java:507)
at org.apache.maven.surefire.booter.ForkedBooter.main(ForkedBooter.java:495)
]]>
            </full-stacktrace>
          </exception> <!-- java.lang.RuntimeException -->
          <reporter-output>
          </reporter-output>
        </test-method> <!-- SelectSubject -->
        <test-method is-config="true" signature="beforeMethod()[pri:0, instance:testcases_general.TC_07_TakeChapterlevelAssessment@69453e37]" started-at="2024-09-23T13:47:26 IST" name="beforeMethod" finished-at="2024-09-23T13:47:26 IST" duration-ms="0" status="PASS">
          <reporter-output>
          </reporter-output>
        </test-method> <!-- beforeMethod -->
        <test-method is-config="true" signature="afterMethod()[pri:0, instance:testcases_general.TC_07_TakeChapterlevelAssessment@69453e37]" started-at="2024-09-23T13:48:10 IST" name="afterMethod" finished-at="2024-09-23T13:48:11 IST" duration-ms="341" status="PASS">
          <reporter-output>
          </reporter-output>
        </test-method> <!-- afterMethod -->
      </class> <!-- testcases_general.TC_07_TakeChapterlevelAssessment -->
      <class name="testcases_createAccountModule.TC_06_CreateAccount">
        <test-method is-config="true" signature="startTestCase()[pri:0, instance:testcases_createAccountModule.TC_06_CreateAccount@131ef10]" started-at="2024-09-23T13:46:38 IST" name="startTestCase" finished-at="2024-09-23T13:46:38 IST" duration-ms="0" status="PASS">
          <reporter-output>
          </reporter-output>
        </test-method> <!-- startTestCase -->
        <test-method signature="createAccount()[pri:0, instance:testcases_createAccountModule.TC_06_CreateAccount@131ef10]" started-at="2024-09-23T13:46:38 IST" name="createAccount" finished-at="2024-09-23T13:46:43 IST" duration-ms="5568" status="PASS">
          <reporter-output>
          </reporter-output>
        </test-method> <!-- createAccount -->
        <test-method is-config="true" signature="beforeMethod()[pri:0, instance:testcases_createAccountModule.TC_06_CreateAccount@131ef10]" started-at="2024-09-23T13:46:38 IST" name="beforeMethod" finished-at="2024-09-23T13:46:38 IST" duration-ms="0" status="PASS">
          <reporter-output>
          </reporter-output>
        </test-method> <!-- beforeMethod -->
        <test-method is-config="true" signature="afterMethod()[pri:0, instance:testcases_createAccountModule.TC_06_CreateAccount@131ef10]" started-at="2024-09-23T13:46:43 IST" name="afterMethod" finished-at="2024-09-23T13:46:45 IST" duration-ms="1912" status="PASS">
          <reporter-output>
          </reporter-output>
        </test-method> <!-- afterMethod -->
      </class> <!-- testcases_createAccountModule.TC_06_CreateAccount -->
      <class name="testcases_signInPageModule.TC_04_SignInpage">
        <test-method is-config="true" signature="startTestCase()[pri:0, instance:testcases_signInPageModule.TC_04_SignInpage@bccb269]" started-at="2024-09-23T13:39:55 IST" name="startTestCase" finished-at="2024-09-23T13:39:55 IST" duration-ms="0" status="PASS">
          <reporter-output>
          </reporter-output>
        </test-method> <!-- startTestCase -->
        <test-method is-config="true" signature="beforeMethod()[pri:0, instance:testcases_signInPageModule.TC_04_SignInpage@bccb269]" started-at="2024-09-23T13:39:55 IST" name="beforeMethod" finished-at="2024-09-23T13:39:55 IST" duration-ms="1" status="PASS">
          <reporter-output>
          </reporter-output>
        </test-method> <!-- beforeMethod -->
        <test-method signature="SignInpage()[pri:0, instance:testcases_signInPageModule.TC_04_SignInpage@bccb269]" started-at="2024-09-23T13:39:55 IST" name="SignInpage" finished-at="2024-09-23T13:41:18 IST" duration-ms="82515" status="PASS">
          <reporter-output>
          </reporter-output>
        </test-method> <!-- SignInpage -->
        <test-method is-config="true" signature="afterMethod()[pri:0, instance:testcases_signInPageModule.TC_04_SignInpage@bccb269]" started-at="2024-09-23T13:41:18 IST" name="afterMethod" finished-at="2024-09-23T13:41:18 IST" duration-ms="310" status="PASS">
          <reporter-output>
          </reporter-output>
        </test-method> <!-- afterMethod -->
      </class> <!-- testcases_signInPageModule.TC_04_SignInpage -->
      <class name="testcases_assessment_module.TC_02_Topic_Level_Assessment">
        <test-method is-config="true" signature="startTestCase()[pri:0, instance:testcases_assessment_module.TC_02_Topic_Level_Assessment@fa4c865]" started-at="2024-09-23T13:31:47 IST" name="startTestCase" finished-at="2024-09-23T13:31:47 IST" duration-ms="1" status="PASS">
          <reporter-output>
          </reporter-output>
        </test-method> <!-- startTestCase -->
        <test-method is-config="true" signature="beforeMethod()[pri:0, instance:testcases_assessment_module.TC_02_Topic_Level_Assessment@fa4c865]" started-at="2024-09-23T13:31:47 IST" name="beforeMethod" finished-at="2024-09-23T13:31:47 IST" duration-ms="1" status="PASS">
          <reporter-output>
          </reporter-output>
        </test-method> <!-- beforeMethod -->
        <test-method signature="topicLevelAssessment()[pri:0, instance:testcases_assessment_module.TC_02_Topic_Level_Assessment@fa4c865]" started-at="2024-09-23T13:31:47 IST" name="topicLevelAssessment" finished-at="2024-09-23T13:32:18 IST" duration-ms="31198" status="PASS">
          <reporter-output>
          </reporter-output>
        </test-method> <!-- topicLevelAssessment -->
        <test-method is-config="true" signature="afterMethod()[pri:0, instance:testcases_assessment_module.TC_02_Topic_Level_Assessment@fa4c865]" started-at="2024-09-23T13:32:18 IST" name="afterMethod" finished-at="2024-09-23T13:32:19 IST" duration-ms="333" status="PASS">
          <reporter-output>
          </reporter-output>
        </test-method> <!-- afterMethod -->
      </class> <!-- testcases_assessment_module.TC_02_Topic_Level_Assessment -->
      <class name="testcases_createAccountModule.TC_09_CreateAccount">
        <test-method is-config="true" signature="startTestCase()[pri:0, instance:testcases_createAccountModule.TC_09_CreateAccount@2df3b89c]" started-at="2024-09-23T13:48:58 IST" name="startTestCase" finished-at="2024-09-23T13:48:58 IST" duration-ms="0" status="PASS">
          <reporter-output>
          </reporter-output>
        </test-method> <!-- startTestCase -->
        <test-method signature="createAccount()[pri:0, instance:testcases_createAccountModule.TC_09_CreateAccount@2df3b89c]" started-at="2024-09-23T13:48:58 IST" name="createAccount" finished-at="2024-09-23T13:49:13 IST" duration-ms="15239" status="PASS">
          <reporter-output>
          </reporter-output>
        </test-method> <!-- createAccount -->
        <test-method is-config="true" signature="beforeMethod()[pri:0, instance:testcases_createAccountModule.TC_09_CreateAccount@2df3b89c]" started-at="2024-09-23T13:48:58 IST" name="beforeMethod" finished-at="2024-09-23T13:48:58 IST" duration-ms="0" status="PASS">
          <reporter-output>
          </reporter-output>
        </test-method> <!-- beforeMethod -->
        <test-method is-config="true" signature="afterMethod()[pri:0, instance:testcases_createAccountModule.TC_09_CreateAccount@2df3b89c]" started-at="2024-09-23T13:49:13 IST" name="afterMethod" finished-at="2024-09-23T13:49:14 IST" duration-ms="254" status="PASS">
          <reporter-output>
          </reporter-output>
        </test-method> <!-- afterMethod -->
      </class> <!-- testcases_createAccountModule.TC_09_CreateAccount -->
      <class name="testcases_cartPageModule.TC_01_cartPage">
        <test-method is-config="true" signature="startTestCase()[pri:0, instance:testcases_cartPageModule.TC_01_cartPage@24313fcc]" started-at="2024-09-23T13:27:08 IST" name="startTestCase" finished-at="2024-09-23T13:27:08 IST" duration-ms="0" status="PASS">
          <reporter-output>
          </reporter-output>
        </test-method> <!-- startTestCase -->
        <test-method signature="Cartpage()[pri:0, instance:testcases_cartPageModule.TC_01_cartPage@24313fcc]" started-at="2024-09-23T13:27:08 IST" name="Cartpage" finished-at="2024-09-23T13:29:48 IST" duration-ms="159779" status="PASS">
          <reporter-output>
          </reporter-output>
        </test-method> <!-- Cartpage -->
        <test-method is-config="true" signature="beforeMethod()[pri:0, instance:testcases_cartPageModule.TC_01_cartPage@24313fcc]" started-at="2024-09-23T13:27:08 IST" name="beforeMethod" finished-at="2024-09-23T13:27:08 IST" duration-ms="0" status="PASS">
          <reporter-output>
          </reporter-output>
        </test-method> <!-- beforeMethod -->
        <test-method is-config="true" signature="afterMethod()[pri:0, instance:testcases_cartPageModule.TC_01_cartPage@24313fcc]" started-at="2024-09-23T13:29:48 IST" name="afterMethod" finished-at="2024-09-23T13:29:48 IST" duration-ms="363" status="PASS">
          <reporter-output>
          </reporter-output>
        </test-method> <!-- afterMethod -->
      </class> <!-- testcases_cartPageModule.TC_01_cartPage -->
      <class name="testcases_createAccountModule.TC_10_CreateAccount">
        <test-method is-config="true" signature="startTestCase()[pri:0, instance:testcases_createAccountModule.TC_10_CreateAccount@23348b5d]" started-at="2024-09-23T13:49:14 IST" name="startTestCase" finished-at="2024-09-23T13:49:14 IST" duration-ms="0" status="PASS">
          <reporter-output>
          </reporter-output>
        </test-method> <!-- startTestCase -->
        <test-method signature="createAccount()[pri:0, instance:testcases_createAccountModule.TC_10_CreateAccount@23348b5d]" started-at="2024-09-23T13:49:14 IST" name="createAccount" finished-at="2024-09-23T13:52:43 IST" duration-ms="208820" status="PASS">
          <reporter-output>
          </reporter-output>
        </test-method> <!-- createAccount -->
        <test-method is-config="true" signature="beforeMethod()[pri:0, instance:testcases_createAccountModule.TC_10_CreateAccount@23348b5d]" started-at="2024-09-23T13:49:14 IST" name="beforeMethod" finished-at="2024-09-23T13:49:14 IST" duration-ms="0" status="PASS">
          <reporter-output>
          </reporter-output>
        </test-method> <!-- beforeMethod -->
        <test-method is-config="true" signature="afterMethod()[pri:0, instance:testcases_createAccountModule.TC_10_CreateAccount@23348b5d]" started-at="2024-09-23T13:52:43 IST" name="afterMethod" finished-at="2024-09-23T13:52:43 IST" duration-ms="337" status="PASS">
          <reporter-output>
          </reporter-output>
        </test-method> <!-- afterMethod -->
      </class> <!-- testcases_createAccountModule.TC_10_CreateAccount -->
      <class name="testcases_general.TC_03_CompleteVideo">
        <test-method is-config="true" signature="startTestCase()[pri:0, instance:testcases_general.TC_03_CompleteVideo@7c9d8e2]" started-at="2024-09-23T13:34:55 IST" name="startTestCase" finished-at="2024-09-23T13:34:55 IST" duration-ms="0" status="PASS">
          <reporter-output>
          </reporter-output>
        </test-method> <!-- startTestCase -->
        <test-method signature="createAccount()[pri:0, instance:testcases_general.TC_03_CompleteVideo@7c9d8e2]" started-at="2024-09-23T13:34:55 IST" name="createAccount" finished-at="2024-09-23T13:35:16 IST" duration-ms="21581" status="PASS">
          <reporter-output>
          </reporter-output>
        </test-method> <!-- createAccount -->
        <test-method is-config="true" signature="beforeMethod()[pri:0, instance:testcases_general.TC_03_CompleteVideo@7c9d8e2]" started-at="2024-09-23T13:34:55 IST" name="beforeMethod" finished-at="2024-09-23T13:34:55 IST" duration-ms="0" status="PASS">
          <reporter-output>
          </reporter-output>
        </test-method> <!-- beforeMethod -->
        <test-method is-config="true" signature="afterMethod()[pri:0, instance:testcases_general.TC_03_CompleteVideo@7c9d8e2]" started-at="2024-09-23T13:35:16 IST" name="afterMethod" finished-at="2024-09-23T13:35:17 IST" duration-ms="299" status="PASS">
          <reporter-output>
          </reporter-output>
        </test-method> <!-- afterMethod -->
      </class> <!-- testcases_general.TC_03_CompleteVideo -->
      <class name="testcases_myCoursePageModule.TC_03_Course_Content_Page">
        <test-method is-config="true" signature="startTestCase()[pri:0, instance:testcases_myCoursePageModule.TC_03_Course_Content_Page@7dc0f706]" started-at="2024-09-23T13:33:11 IST" name="startTestCase" finished-at="2024-09-23T13:33:11 IST" duration-ms="1" status="PASS">
          <reporter-output>
          </reporter-output>
        </test-method> <!-- startTestCase -->
        <test-method is-config="true" signature="beforeMethod()[pri:0, instance:testcases_myCoursePageModule.TC_03_Course_Content_Page@7dc0f706]" started-at="2024-09-23T13:33:11 IST" name="beforeMethod" finished-at="2024-09-23T13:33:11 IST" duration-ms="1" status="PASS">
          <reporter-output>
          </reporter-output>
        </test-method> <!-- beforeMethod -->
        <test-method signature="Mycoursepage()[pri:0, instance:testcases_myCoursePageModule.TC_03_Course_Content_Page@7dc0f706]" started-at="2024-09-23T13:33:11 IST" name="Mycoursepage" finished-at="2024-09-23T13:33:47 IST" duration-ms="35171" status="FAIL">
          <exception class="java.lang.RuntimeException">
            <message>
              <![CDATA[FAILED]]>
            </message>
            <full-stacktrace>
              <![CDATA[java.lang.RuntimeException: FAILED
at utils.Reporter.reportStep(Reporter.java:48)
at wrappers.GenericWrappers.clickbyXpath(GenericWrappers.java:113)
at pages.HomePage.clickMyCourseButton(HomePage.java:36)
at testcases_myCoursePageModule.TC_03_Course_Content_Page.Mycoursepage(TC_03_Course_Content_Page.java:51)
at java.base/jdk.internal.reflect.DirectMethodHandleAccessor.invoke(DirectMethodHandleAccessor.java:103)
at java.base/java.lang.reflect.Method.invoke(Method.java:580)
at org.testng.internal.invokers.MethodInvocationHelper.invokeMethod(MethodInvocationHelper.java:139)
at org.testng.internal.invokers.TestInvoker.invokeMethod(TestInvoker.java:664)
at org.testng.internal.invokers.TestInvoker.invokeTestMethod(TestInvoker.java:228)
at org.testng.internal.invokers.MethodRunner.runInSequence(MethodRunner.java:63)
at org.testng.internal.invokers.TestInvoker$MethodInvocationAgent.invoke(TestInvoker.java:961)
at org.testng.internal.invokers.TestInvoker.invokeTestMethods(TestInvoker.java:201)
at org.testng.internal.invokers.TestMethodWorker.invokeTestMethods(TestMethodWorker.java:148)
at org.testng.internal.invokers.TestMethodWorker.run(TestMethodWorker.java:128)
at java.base/java.util.ArrayList.forEach(ArrayList.java:1597)
at org.testng.TestRunner.privateRun(TestRunner.java:819)
at org.testng.TestRunner.run(TestRunner.java:619)
at org.testng.SuiteRunner.runTest(SuiteRunner.java:443)
at org.testng.SuiteRunner.runSequentially(SuiteRunner.java:437)
at org.testng.SuiteRunner.privateRun(SuiteRunner.java:397)
at org.testng.SuiteRunner.run(SuiteRunner.java:336)
at org.testng.SuiteRunnerWorker.runSuite(SuiteRunnerWorker.java:52)
at org.testng.SuiteRunnerWorker.run(SuiteRunnerWorker.java:95)
at org.testng.TestNG.runSuitesSequentially(TestNG.java:1301)
at org.testng.TestNG.runSuitesLocally(TestNG.java:1228)
at org.testng.TestNG.runSuites(TestNG.java:1134)
at org.testng.TestNG.run(TestNG.java:1101)
at org.apache.maven.surefire.testng.TestNGExecutor.run(TestNGExecutor.java:308)
at org.apache.maven.surefire.testng.TestNGXmlTestSuite.execute(TestNGXmlTestSuite.java:71)
at org.apache.maven.surefire.testng.TestNGProvider.invoke(TestNGProvider.java:113)
at org.apache.maven.surefire.booter.ForkedBooter.runSuitesInProcess(ForkedBooter.java:385)
at org.apache.maven.surefire.booter.ForkedBooter.execute(ForkedBooter.java:162)
at org.apache.maven.surefire.booter.ForkedBooter.run(ForkedBooter.java:507)
at org.apache.maven.surefire.booter.ForkedBooter.main(ForkedBooter.java:495)
]]>
            </full-stacktrace>
          </exception> <!-- java.lang.RuntimeException -->
          <reporter-output>
          </reporter-output>
        </test-method> <!-- Mycoursepage -->
        <test-method is-config="true" signature="afterMethod()[pri:0, instance:testcases_myCoursePageModule.TC_03_Course_Content_Page@7dc0f706]" started-at="2024-09-23T13:33:47 IST" name="afterMethod" finished-at="2024-09-23T13:33:47 IST" duration-ms="305" status="PASS">
          <reporter-output>
          </reporter-output>
        </test-method> <!-- afterMethod -->
      </class> <!-- testcases_myCoursePageModule.TC_03_Course_Content_Page -->
      <class name="testcases_createAccountModule.TC_04_CreateAccount">
        <test-method is-config="true" signature="startTestCase()[pri:0, instance:testcases_createAccountModule.TC_04_CreateAccount@6c40365c]" started-at="2024-09-23T13:38:24 IST" name="startTestCase" finished-at="2024-09-23T13:38:24 IST" duration-ms="0" status="PASS">
          <reporter-output>
          </reporter-output>
        </test-method> <!-- startTestCase -->
        <test-method signature="createAccount()[pri:0, instance:testcases_createAccountModule.TC_04_CreateAccount@6c40365c]" started-at="2024-09-23T13:38:24 IST" name="createAccount" finished-at="2024-09-23T13:38:33 IST" duration-ms="9728" status="PASS">
          <reporter-output>
          </reporter-output>
        </test-method> <!-- createAccount -->
        <test-method is-config="true" signature="beforeMethod()[pri:0, instance:testcases_createAccountModule.TC_04_CreateAccount@6c40365c]" started-at="2024-09-23T13:38:24 IST" name="beforeMethod" finished-at="2024-09-23T13:38:24 IST" duration-ms="0" status="PASS">
          <reporter-output>
          </reporter-output>
        </test-method> <!-- beforeMethod -->
        <test-method is-config="true" signature="afterMethod()[pri:0, instance:testcases_createAccountModule.TC_04_CreateAccount@6c40365c]" started-at="2024-09-23T13:38:33 IST" name="afterMethod" finished-at="2024-09-23T13:38:34 IST" duration-ms="375" status="PASS">
          <reporter-output>
          </reporter-output>
        </test-method> <!-- afterMethod -->
      </class> <!-- testcases_createAccountModule.TC_04_CreateAccount -->
      <class name="testcases_general.TC_05_CheckAssessmentCompleted">
        <test-method is-config="true" signature="startTestCase()[pri:0, instance:testcases_general.TC_05_CheckAssessmentCompleted@6200f9cb]" started-at="2024-09-23T13:41:39 IST" name="startTestCase" finished-at="2024-09-23T13:41:39 IST" duration-ms="0" status="PASS">
          <reporter-output>
          </reporter-output>
        </test-method> <!-- startTestCase -->
        <test-method signature="createAccount()[pri:0, instance:testcases_general.TC_05_CheckAssessmentCompleted@6200f9cb]" started-at="2024-09-23T13:41:39 IST" name="createAccount" finished-at="2024-09-23T13:41:58 IST" duration-ms="18512" status="PASS">
          <reporter-output>
          </reporter-output>
        </test-method> <!-- createAccount -->
        <test-method is-config="true" signature="beforeMethod()[pri:0, instance:testcases_general.TC_05_CheckAssessmentCompleted@6200f9cb]" started-at="2024-09-23T13:41:39 IST" name="beforeMethod" finished-at="2024-09-23T13:41:39 IST" duration-ms="0" status="PASS">
          <reporter-output>
          </reporter-output>
        </test-method> <!-- beforeMethod -->
        <test-method is-config="true" signature="afterMethod()[pri:0, instance:testcases_general.TC_05_CheckAssessmentCompleted@6200f9cb]" started-at="2024-09-23T13:41:58 IST" name="afterMethod" finished-at="2024-09-23T13:41:58 IST" duration-ms="346" status="PASS">
          <reporter-output>
          </reporter-output>
        </test-method> <!-- afterMethod -->
      </class> <!-- testcases_general.TC_05_CheckAssessmentCompleted -->
      <class name="testcases_landingPageModule.TC_02_LandingPage">
        <test-method is-config="true" signature="startTestCase()[pri:0, instance:testcases_landingPageModule.TC_02_LandingPage@ae13544]" started-at="2024-09-23T13:32:40 IST" name="startTestCase" finished-at="2024-09-23T13:32:40 IST" duration-ms="1" status="PASS">
          <reporter-output>
          </reporter-output>
        </test-method> <!-- startTestCase -->
        <test-method signature="landingpage()[pri:0, instance:testcases_landingPageModule.TC_02_LandingPage@ae13544]" started-at="2024-09-23T13:32:40 IST" name="landingpage" finished-at="2024-09-23T13:33:11 IST" duration-ms="31190" status="FAIL">
          <exception class="java.lang.RuntimeException">
            <message>
              <![CDATA[FAILED]]>
            </message>
            <full-stacktrace>
              <![CDATA[java.lang.RuntimeException: FAILED
at utils.Reporter.reportStep(Reporter.java:48)
at pages.LandingPage.compareurl(LandingPage.java:177)
at pages.LandingPage.clickseeallcourselinkhomepage(LandingPage.java:231)
at testcases_landingPageModule.TC_02_LandingPage.landingpage(TC_02_LandingPage.java:54)
at java.base/jdk.internal.reflect.DirectMethodHandleAccessor.invoke(DirectMethodHandleAccessor.java:103)
at java.base/java.lang.reflect.Method.invoke(Method.java:580)
at org.testng.internal.invokers.MethodInvocationHelper.invokeMethod(MethodInvocationHelper.java:139)
at org.testng.internal.invokers.TestInvoker.invokeMethod(TestInvoker.java:664)
at org.testng.internal.invokers.TestInvoker.invokeTestMethod(TestInvoker.java:228)
at org.testng.internal.invokers.MethodRunner.runInSequence(MethodRunner.java:63)
at org.testng.internal.invokers.TestInvoker$MethodInvocationAgent.invoke(TestInvoker.java:961)
at org.testng.internal.invokers.TestInvoker.invokeTestMethods(TestInvoker.java:201)
at org.testng.internal.invokers.TestMethodWorker.invokeTestMethods(TestMethodWorker.java:148)
at org.testng.internal.invokers.TestMethodWorker.run(TestMethodWorker.java:128)
at java.base/java.util.ArrayList.forEach(ArrayList.java:1597)
at org.testng.TestRunner.privateRun(TestRunner.java:819)
at org.testng.TestRunner.run(TestRunner.java:619)
at org.testng.SuiteRunner.runTest(SuiteRunner.java:443)
at org.testng.SuiteRunner.runSequentially(SuiteRunner.java:437)
at org.testng.SuiteRunner.privateRun(SuiteRunner.java:397)
at org.testng.SuiteRunner.run(SuiteRunner.java:336)
at org.testng.SuiteRunnerWorker.runSuite(SuiteRunnerWorker.java:52)
at org.testng.SuiteRunnerWorker.run(SuiteRunnerWorker.java:95)
at org.testng.TestNG.runSuitesSequentially(TestNG.java:1301)
at org.testng.TestNG.runSuitesLocally(TestNG.java:1228)
at org.testng.TestNG.runSuites(TestNG.java:1134)
at org.testng.TestNG.run(TestNG.java:1101)
at org.apache.maven.surefire.testng.TestNGExecutor.run(TestNGExecutor.java:308)
at org.apache.maven.surefire.testng.TestNGXmlTestSuite.execute(TestNGXmlTestSuite.java:71)
at org.apache.maven.surefire.testng.TestNGProvider.invoke(TestNGProvider.java:113)
at org.apache.maven.surefire.booter.ForkedBooter.runSuitesInProcess(ForkedBooter.java:385)
at org.apache.maven.surefire.booter.ForkedBooter.execute(ForkedBooter.java:162)
at org.apache.maven.surefire.booter.ForkedBooter.run(ForkedBooter.java:507)
at org.apache.maven.surefire.booter.ForkedBooter.main(ForkedBooter.java:495)
]]>
            </full-stacktrace>
          </exception> <!-- java.lang.RuntimeException -->
          <reporter-output>
          </reporter-output>
        </test-method> <!-- landingpage -->
        <test-method is-config="true" signature="beforeMethod()[pri:0, instance:testcases_landingPageModule.TC_02_LandingPage@ae13544]" started-at="2024-09-23T13:32:40 IST" name="beforeMethod" finished-at="2024-09-23T13:32:40 IST" duration-ms="0" status="PASS">
          <reporter-output>
          </reporter-output>
        </test-method> <!-- beforeMethod -->
        <test-method is-config="true" signature="afterMethod()[pri:0, instance:testcases_landingPageModule.TC_02_LandingPage@ae13544]" started-at="2024-09-23T13:33:11 IST" name="afterMethod" finished-at="2024-09-23T13:33:11 IST" duration-ms="280" status="PASS">
          <reporter-output>
          </reporter-output>
        </test-method> <!-- afterMethod -->
      </class> <!-- testcases_landingPageModule.TC_02_LandingPage -->
      <class name="testcases_assessment_module.TC_08_Pass_Fail_Check">
        <test-method is-config="true" signature="beforeMethod()[pri:0, instance:testcases_assessment_module.TC_08_Pass_Fail_Check@5e5d171f]" started-at="2024-09-23T13:48:11 IST" name="beforeMethod" finished-at="2024-09-23T13:48:11 IST" duration-ms="1" status="PASS">
          <reporter-output>
          </reporter-output>
        </test-method> <!-- beforeMethod -->
        <test-method is-config="true" signature="startTestCase()[pri:0, instance:testcases_assessment_module.TC_08_Pass_Fail_Check@5e5d171f]" started-at="2024-09-23T13:48:11 IST" name="startTestCase" finished-at="2024-09-23T13:48:11 IST" duration-ms="0" status="PASS">
          <reporter-output>
          </reporter-output>
        </test-method> <!-- startTestCase -->
        <test-method signature="passFailCheck()[pri:0, instance:testcases_assessment_module.TC_08_Pass_Fail_Check@5e5d171f]" started-at="2024-09-23T13:48:11 IST" name="passFailCheck" finished-at="2024-09-23T13:48:50 IST" duration-ms="39829" status="PASS">
          <reporter-output>
          </reporter-output>
        </test-method> <!-- passFailCheck -->
        <test-method is-config="true" signature="afterMethod()[pri:0, instance:testcases_assessment_module.TC_08_Pass_Fail_Check@5e5d171f]" started-at="2024-09-23T13:48:50 IST" name="afterMethod" finished-at="2024-09-23T13:48:51 IST" duration-ms="386" status="PASS">
          <reporter-output>
          </reporter-output>
        </test-method> <!-- afterMethod -->
      </class> <!-- testcases_assessment_module.TC_08_Pass_Fail_Check -->
      <class name="testcases_assessment_module.TC_06_Course_Level_Assessment">
        <test-method is-config="true" signature="startTestCase()[pri:0, instance:testcases_assessment_module.TC_06_Course_Level_Assessment@d35dea7]" started-at="2024-09-23T13:45:55 IST" name="startTestCase" finished-at="2024-09-23T13:45:55 IST" duration-ms="1" status="PASS">
          <reporter-output>
          </reporter-output>
        </test-method> <!-- startTestCase -->
        <test-method is-config="true" signature="beforeMethod()[pri:0, instance:testcases_assessment_module.TC_06_Course_Level_Assessment@d35dea7]" started-at="2024-09-23T13:45:55 IST" name="beforeMethod" finished-at="2024-09-23T13:45:55 IST" duration-ms="1" status="PASS">
          <reporter-output>
          </reporter-output>
        </test-method> <!-- beforeMethod -->
        <test-method signature="courseLevelAssessment()[pri:0, instance:testcases_assessment_module.TC_06_Course_Level_Assessment@d35dea7]" started-at="2024-09-23T13:45:55 IST" name="courseLevelAssessment" finished-at="2024-09-23T13:46:37 IST" duration-ms="42309" status="PASS">
          <reporter-output>
          </reporter-output>
        </test-method> <!-- courseLevelAssessment -->
        <test-method is-config="true" signature="afterMethod()[pri:0, instance:testcases_assessment_module.TC_06_Course_Level_Assessment@d35dea7]" started-at="2024-09-23T13:46:37 IST" name="afterMethod" finished-at="2024-09-23T13:46:38 IST" duration-ms="428" status="PASS">
          <reporter-output>
          </reporter-output>
        </test-method> <!-- afterMethod -->
      </class> <!-- testcases_assessment_module.TC_06_Course_Level_Assessment -->
      <class name="testcases_assessment_module.TC_04_Chapter_Level_Assessment">
        <test-method is-config="true" signature="startTestCase()[pri:0, instance:testcases_assessment_module.TC_04_Chapter_Level_Assessment@544fa968]" started-at="2024-09-23T13:37:59 IST" name="startTestCase" finished-at="2024-09-23T13:37:59 IST" duration-ms="1" status="PASS">
          <reporter-output>
          </reporter-output>
        </test-method> <!-- startTestCase -->
        <test-method is-config="true" signature="beforeMethod()[pri:0, instance:testcases_assessment_module.TC_04_Chapter_Level_Assessment@544fa968]" started-at="2024-09-23T13:37:59 IST" name="beforeMethod" finished-at="2024-09-23T13:37:59 IST" duration-ms="1" status="PASS">
          <reporter-output>
          </reporter-output>
        </test-method> <!-- beforeMethod -->
        <test-method signature="chapterAssessment()[pri:0, instance:testcases_assessment_module.TC_04_Chapter_Level_Assessment@544fa968]" started-at="2024-09-23T13:37:59 IST" name="chapterAssessment" finished-at="2024-09-23T13:38:22 IST" duration-ms="22997" status="PASS">
          <reporter-output>
          </reporter-output>
        </test-method> <!-- chapterAssessment -->
        <test-method is-config="true" signature="afterMethod()[pri:0, instance:testcases_assessment_module.TC_04_Chapter_Level_Assessment@544fa968]" started-at="2024-09-23T13:38:22 IST" name="afterMethod" finished-at="2024-09-23T13:38:24 IST" duration-ms="1867" status="PASS">
          <reporter-output>
          </reporter-output>
        </test-method> <!-- afterMethod -->
      </class> <!-- testcases_assessment_module.TC_04_Chapter_Level_Assessment -->
      <class name="testcases_createAccountModule.TC_02_CreateAccount">
        <test-method is-config="true" signature="startTestCase()[pri:0, instance:testcases_createAccountModule.TC_02_CreateAccount@77f1baf5]" started-at="2024-09-23T13:32:19 IST" name="startTestCase" finished-at="2024-09-23T13:32:19 IST" duration-ms="1" status="PASS">
          <reporter-output>
          </reporter-output>
        </test-method> <!-- startTestCase -->
        <test-method is-config="true" signature="beforeMethod()[pri:0, instance:testcases_createAccountModule.TC_02_CreateAccount@77f1baf5]" started-at="2024-09-23T13:32:19 IST" name="beforeMethod" finished-at="2024-09-23T13:32:19 IST" duration-ms="1" status="PASS">
          <reporter-output>
          </reporter-output>
        </test-method> <!-- beforeMethod -->
        <test-method signature="createAccount()[pri:0, instance:testcases_createAccountModule.TC_02_CreateAccount@77f1baf5]" started-at="2024-09-23T13:32:19 IST" name="createAccount" finished-at="2024-09-23T13:32:23 IST" duration-ms="4588" status="PASS">
          <reporter-output>
          </reporter-output>
        </test-method> <!-- createAccount -->
        <test-method is-config="true" signature="afterMethod()[pri:0, instance:testcases_createAccountModule.TC_02_CreateAccount@77f1baf5]" started-at="2024-09-23T13:32:23 IST" name="afterMethod" finished-at="2024-09-23T13:32:24 IST" duration-ms="261" status="PASS">
          <reporter-output>
          </reporter-output>
        </test-method> <!-- afterMethod -->
      </class> <!-- testcases_createAccountModule.TC_02_CreateAccount -->
      <class name="testcases_landingPageModule.TC_01_LandingPage">
        <test-method is-config="true" signature="startTestCase()[pri:0, instance:testcases_landingPageModule.TC_01_LandingPage@6f4a47c7]" started-at="2024-09-23T13:30:00 IST" name="startTestCase" finished-at="2024-09-23T13:30:00 IST" duration-ms="1" status="PASS">
          <reporter-output>
          </reporter-output>
        </test-method> <!-- startTestCase -->
        <test-method signature="landingpage()[pri:0, instance:testcases_landingPageModule.TC_01_LandingPage@6f4a47c7]" started-at="2024-09-23T13:30:00 IST" name="landingpage" finished-at="2024-09-23T13:30:43 IST" duration-ms="43133" status="PASS">
          <reporter-output>
          </reporter-output>
        </test-method> <!-- landingpage -->
        <test-method is-config="true" signature="beforeMethod()[pri:0, instance:testcases_landingPageModule.TC_01_LandingPage@6f4a47c7]" started-at="2024-09-23T13:30:00 IST" name="beforeMethod" finished-at="2024-09-23T13:30:00 IST" duration-ms="0" status="PASS">
          <reporter-output>
          </reporter-output>
        </test-method> <!-- beforeMethod -->
        <test-method is-config="true" signature="afterMethod()[pri:0, instance:testcases_landingPageModule.TC_01_LandingPage@6f4a47c7]" started-at="2024-09-23T13:30:43 IST" name="afterMethod" finished-at="2024-09-23T13:30:43 IST" duration-ms="311" status="PASS">
          <reporter-output>
          </reporter-output>
        </test-method> <!-- afterMethod -->
      </class> <!-- testcases_landingPageModule.TC_01_LandingPage -->
      <class name="testcases_general.TC_02_TakeChapterAssessment">
        <test-method signature="createAccount()[pri:0, instance:testcases_general.TC_02_TakeChapterAssessment@37ceb1df]" started-at="2024-09-23T13:32:24 IST" name="createAccount" finished-at="2024-09-23T13:32:40 IST" duration-ms="16011" status="FAIL">
          <exception class="java.lang.RuntimeException">
            <message>
              <![CDATA[FAILED]]>
            </message>
            <full-stacktrace>
              <![CDATA[java.lang.RuntimeException: FAILED
at utils.Reporter.reportStep(Reporter.java:48)
at wrappers.GenericWrappers.enterValuebyXpath(GenericWrappers.java:197)
at pages.AssessmentPage.enterMCQQuestion(AssessmentPage.java:145)
at testcases_general.TC_02_TakeChapterAssessment.createAccount(TC_02_TakeChapterAssessment.java:55)
at java.base/jdk.internal.reflect.DirectMethodHandleAccessor.invoke(DirectMethodHandleAccessor.java:103)
at java.base/java.lang.reflect.Method.invoke(Method.java:580)
at org.testng.internal.invokers.MethodInvocationHelper.invokeMethod(MethodInvocationHelper.java:139)
at org.testng.internal.invokers.TestInvoker.invokeMethod(TestInvoker.java:664)
at org.testng.internal.invokers.TestInvoker.invokeTestMethod(TestInvoker.java:228)
at org.testng.internal.invokers.MethodRunner.runInSequence(MethodRunner.java:63)
at org.testng.internal.invokers.TestInvoker$MethodInvocationAgent.invoke(TestInvoker.java:961)
at org.testng.internal.invokers.TestInvoker.invokeTestMethods(TestInvoker.java:201)
at org.testng.internal.invokers.TestMethodWorker.invokeTestMethods(TestMethodWorker.java:148)
at org.testng.internal.invokers.TestMethodWorker.run(TestMethodWorker.java:128)
at java.base/java.util.ArrayList.forEach(ArrayList.java:1597)
at org.testng.TestRunner.privateRun(TestRunner.java:819)
at org.testng.TestRunner.run(TestRunner.java:619)
at org.testng.SuiteRunner.runTest(SuiteRunner.java:443)
at org.testng.SuiteRunner.runSequentially(SuiteRunner.java:437)
at org.testng.SuiteRunner.privateRun(SuiteRunner.java:397)
at org.testng.SuiteRunner.run(SuiteRunner.java:336)
at org.testng.SuiteRunnerWorker.runSuite(SuiteRunnerWorker.java:52)
at org.testng.SuiteRunnerWorker.run(SuiteRunnerWorker.java:95)
at org.testng.TestNG.runSuitesSequentially(TestNG.java:1301)
at org.testng.TestNG.runSuitesLocally(TestNG.java:1228)
at org.testng.TestNG.runSuites(TestNG.java:1134)
at org.testng.TestNG.run(TestNG.java:1101)
at org.apache.maven.surefire.testng.TestNGExecutor.run(TestNGExecutor.java:308)
at org.apache.maven.surefire.testng.TestNGXmlTestSuite.execute(TestNGXmlTestSuite.java:71)
at org.apache.maven.surefire.testng.TestNGProvider.invoke(TestNGProvider.java:113)
at org.apache.maven.surefire.booter.ForkedBooter.runSuitesInProcess(ForkedBooter.java:385)
at org.apache.maven.surefire.booter.ForkedBooter.execute(ForkedBooter.java:162)
at org.apache.maven.surefire.booter.ForkedBooter.run(ForkedBooter.java:507)
at org.apache.maven.surefire.booter.ForkedBooter.main(ForkedBooter.java:495)
]]>
            </full-stacktrace>
          </exception> <!-- java.lang.RuntimeException -->
          <reporter-output>
          </reporter-output>
        </test-method> <!-- createAccount -->
        <test-method is-config="true" signature="startTestCase()[pri:0, instance:testcases_general.TC_02_TakeChapterAssessment@37ceb1df]" started-at="2024-09-23T13:32:24 IST" name="startTestCase" finished-at="2024-09-23T13:32:24 IST" duration-ms="0" status="PASS">
          <reporter-output>
          </reporter-output>
        </test-method> <!-- startTestCase -->
        <test-method is-config="true" signature="beforeMethod()[pri:0, instance:testcases_general.TC_02_TakeChapterAssessment@37ceb1df]" started-at="2024-09-23T13:32:24 IST" name="beforeMethod" finished-at="2024-09-23T13:32:24 IST" duration-ms="0" status="PASS">
          <reporter-output>
          </reporter-output>
        </test-method> <!-- beforeMethod -->
        <test-method is-config="true" signature="afterMethod()[pri:0, instance:testcases_general.TC_02_TakeChapterAssessment@37ceb1df]" started-at="2024-09-23T13:32:40 IST" name="afterMethod" finished-at="2024-09-23T13:32:40 IST" duration-ms="302" status="PASS">
          <reporter-output>
          </reporter-output>
        </test-method> <!-- afterMethod -->
      </class> <!-- testcases_general.TC_02_TakeChapterAssessment -->
      <class name="testcases_signInPageModule.TC_03_SignInpage">
        <test-method is-config="true" signature="startTestCase()[pri:0, instance:testcases_signInPageModule.TC_03_SignInpage@66d18979]" started-at="2024-09-23T13:35:53 IST" name="startTestCase" finished-at="2024-09-23T13:35:53 IST" duration-ms="1" status="PASS">
          <reporter-output>
          </reporter-output>
        </test-method> <!-- startTestCase -->
        <test-method signature="SignInpage()[pri:0, instance:testcases_signInPageModule.TC_03_SignInpage@66d18979]" started-at="2024-09-23T13:35:53 IST" name="SignInpage" finished-at="2024-09-23T13:37:59 IST" duration-ms="125775" status="PASS">
          <reporter-output>
          </reporter-output>
        </test-method> <!-- SignInpage -->
        <test-method is-config="true" signature="beforeMethod()[pri:0, instance:testcases_signInPageModule.TC_03_SignInpage@66d18979]" started-at="2024-09-23T13:35:53 IST" name="beforeMethod" finished-at="2024-09-23T13:35:53 IST" duration-ms="0" status="PASS">
          <reporter-output>
          </reporter-output>
        </test-method> <!-- beforeMethod -->
        <test-method is-config="true" signature="afterMethod()[pri:0, instance:testcases_signInPageModule.TC_03_SignInpage@66d18979]" started-at="2024-09-23T13:37:59 IST" name="afterMethod" finished-at="2024-09-23T13:37:59 IST" duration-ms="311" status="PASS">
          <reporter-output>
          </reporter-output>
        </test-method> <!-- afterMethod -->
      </class> <!-- testcases_signInPageModule.TC_03_SignInpage -->
    </test> <!-- Default test -->
  </suite> <!-- WebApplication -->
</testng-results>
